<!DOCTYPE html PUBLIC "-//W3C//DTD XHTML 1.0 Strict//EN"
"http://www.w3.org/TR/xhtml1/DTD/xhtml1-strict.dtd">
<html xmlns="http://www.w3.org/1999/xhtml" lang="en" xml:lang="en">
  <head>
    <title>Make RSpec work on Rubinius Report</title>
  </head>
  <body>
    <h1>Make RSpec work on Rubinius Report</h1>
    <div>Generated on Fri Feb 02 03:27:43 -0800 2007.</div>

    <h2>Overview</h2>

    <h3>Working Files</h3>
    <table style="height: 25px; width: 200px" cellpadding="0" cellspacing="0">
  <tr>
    <td style="width: 34px; text-align: right; color: #000000; background: #00f000">
      </td>
    <td style="width: 166px; text-align: left; color: #ffffff; background: #e00000">
      &nbsp;&nbsp;17%</td>
  </tr>
</table>

    <p>(10 out of 58)</p>

    <h2>Non-Working Files</h2>
    <table border="1">
      <tr>
        <th>File</th>
        <th>Error</th>
      </tr>
      
      <tr>
        <td>spec/rake/spectask</td>
        <td>
An error has occured: Segmentation fault (SIGSEGV)

C backtrace:
 0x804c771 &lt;symtbl_lookup_cstr&gt; at /home/mae/projects/rubinius/shotgun/lib/symbol.c:37
 0x8076a90 &lt;cstring_to_symbol&gt; at /home/mae/projects/rubinius/shotgun/lib/grammer_runtime.c:162
 0x8076b00 &lt;quark_to_symbol&gt; at /home/mae/projects/rubinius/shotgun/lib/grammer_runtime.c:177
 0x807810e &lt;syd_add_to_parse_tree&gt; at /home/mae/projects/rubinius/shotgun/lib/grammer_runtime.c:638
 0x807893a &lt;syd_add_to_parse_tree&gt; at /home/mae/projects/rubinius/shotgun/lib/grammer_runtime.c:786
 0x80777ad &lt;syd_add_to_parse_tree&gt; at /home/mae/projects/rubinius/shotgun/lib/grammer_runtime.c:454
 0x8078225 &lt;syd_add_to_parse_tree&gt; at /home/mae/projects/rubinius/shotgun/lib/grammer_runtime.c:654
 0x807893a &lt;syd_add_to_parse_tree&gt; at /home/mae/projects/rubinius/shotgun/lib/grammer_runtime.c:786
 0x80777ad &lt;syd_add_to_parse_tree&gt; at /home/mae/projects/rubinius/shotgun/lib/grammer_runtime.c:454
 0x8078225 &lt;syd_add_to_parse_tree&gt; at /home/mae/projects/rubinius/shotgun/lib/grammer_runtime.c:654
 0x807893a &lt;syd_add_to_parse_tree&gt; at /home/mae/projects/rubinius/shotgun/lib/grammer_runtime.c:786
 0x80777ad &lt;syd_add_to_parse_tree&gt; at /home/mae/projects/rubinius/shotgun/lib/grammer_runtime.c:454
 0x8078225 &lt;syd_add_to_parse_tree&gt; at /home/mae/projects/rubinius/shotgun/lib/grammer_runtime.c:654
 0x807893a &lt;syd_add_to_parse_tree&gt; at /home/mae/projects/rubinius/shotgun/lib/grammer_runtime.c:786
 0x806e4f0 &lt;convert_to_sexp&gt; at /home/mae/projects/rubinius/shotgun/lib/grammar.y:2764
 0x806e6c8 &lt;syd_compile_file&gt; at /home/mae/projects/rubinius/shotgun/lib/grammar.y:2836
 0x805f725 &lt;cpu_perform_system_primitive&gt; at /home/mae/projects/rubinius/shotgun/lib/system_primitives.gen:707
 0x8064ed0 &lt;cpu_perform_primitive&gt; at /home/mae/projects/rubinius/shotgun/lib/cpu_primitives.c:76
 0x8053a2b &lt;cpu_try_primitive&gt; at /home/mae/projects/rubinius/shotgun/lib/cpu_instructions.c:216
 0x8056bc4 &lt;_cpu_build_and_activate&gt; at /home/mae/projects/rubinius/shotgun/lib/cpu_instructions.c:271
 0x8056a48 &lt;cpu_unified_send&gt; at /home/mae/projects/rubinius/shotgun/lib/cpu_instructions.c:323
 0x805894c &lt;cpu_run&gt; at /home/mae/projects/rubinius/shotgun/lib/instructions.gen:268
 0x804ad66 &lt;machine_run&gt; at /home/mae/projects/rubinius/shotgun/lib/machine.c:412
 0x804b36d &lt;machine_load_archive&gt; at /home/mae/projects/rubinius/shotgun/lib/machine.c:541
 0x804a30a &lt;main&gt; at /home/mae/projects/rubinius/shotgun/main.c:82
0xb7dd98c8 &lt;??&gt; at ??:0
 0x8049ffd &lt;_start&gt; at ??:0
0xff0a0000 &lt;??&gt; at ??:0

Ruby backtrace:
0xb7ca5430 Class#compile_file+31 in core/compile.rb
0xb7ca5548 Kernel#load+573 in core/compile.rb
Skipping Block Context
0xb7ca57b4 BlockEnvironment#call+91 in bootstrap/context.rb
0xb7ca58b0 Array#each+72 in bootstrap/array.rb
Skipping Block Context
0xb7ca5ac4 BlockEnvironment#call+91 in bootstrap/context.rb
0xb7ca5cdc Array#each+72 in bootstrap/array.rb
0xb7ca591c Kernel#require+479 in core/compile.rb
0xb7ca5a44 Class#__eval_script__+52 in (eval)
0xb7ca5b5c CompiledMethod#activate+79 in bootstrap/compiled_method.rb
0xb7aa751c Class#execute+59 in core/compile.rb
0xb7ba100c Class#__script__+412 in core/__loader.rb

Ruby stack:
  86    &lt;String:0xb7ca56e4&gt;/home/mae/projects/r...pec/rake/spectask.rb
  87    &lt;NilClass:0x4&gt;
  88    &lt;Array:0xb7b80408&gt;
  89    &lt;String:0xb7ca5820&gt;/home/mae/projects/r...ec/rake/spectask.rbc
  90    &lt;NilClass:0x4&gt;
  91 =&gt; &lt;FalseClass:(nil)&gt;
  92    &lt;TrueClass:0x2&gt;
  93    &lt;String:0xb7ca56e4&gt;/home/mae/projects/r...pec/rake/spectask.rb
  94    File
  95    &lt;String:0xb7b804a8&gt;runtime/compiler.rba

VM Registers:
IP: 0051     SP: 0091
AC: 0001     AR: 0000
Exception: &lt;NilClass:0x4&gt;
</td>
      </tr>
      
      <tr>
        <td>spec/rake/verify_rcov</td>
        <td>An exception has occured:
    Unknown type 'nth_ref', [1] (RuntimeError)

Backtrace:
         Bytecode::Compiler::Processor#raise at bootstrap/04kernel.rb:23
       Bytecode::Compiler::Processor#process at sexp/simple_processor.rb:58
    Bytecode::Compiler::Processor#process_call at bytecode/compiler.rb:1300
                       BlockEnvironment#call at bootstrap/context.rb:94
                                  Array#each at bootstrap/array.rb:24
    Bytecode::Compiler::Processor#process_call at bytecode/compiler.rb:1300
                     CompiledMethod#activate at bootstrap/compiled_method.rb:52
                                 Method#call at bootstrap/compiled_method.rb:99
    Bytecode::Compiler::Processor#send (__send__) at bootstrap/core.rb:87
       Bytecode::Compiler::Processor#process at sexp/simple_processor.rb:56
    Bytecode::Compiler::Processor#process_lasgn at bytecode/compiler.rb:532
                     CompiledMethod#activate at bootstrap/compiled_method.rb:52
                                 Method#call at bootstrap/compiled_method.rb:99
    Bytecode::Compiler::Processor#send (__send__) at bootstrap/core.rb:87
       Bytecode::Compiler::Processor#process at sexp/simple_processor.rb:56
    Bytecode::Compiler::Processor#process_newline at bytecode/compiler.rb:1478
                     CompiledMethod#activate at bootstrap/compiled_method.rb:52
                                 Method#call at bootstrap/compiled_method.rb:99
    Bytecode::Compiler::Processor#send (__send__) at bootstrap/core.rb:87
       Bytecode::Compiler::Processor#process at sexp/simple_processor.rb:56
    Bytecode::Compiler::Processor#process_block at bytecode/compiler.rb:372
                     CompiledMethod#activate at bootstrap/compiled_method.rb:52
                                 Method#call at bootstrap/compiled_method.rb:99
    Bytecode::Compiler::Processor#send (__send__) at bootstrap/core.rb:87
       Bytecode::Compiler::Processor#process at sexp/simple_processor.rb:56
    Bytecode::Compiler::Processor#process_if at bytecode/compiler.rb:348
                     CompiledMethod#activate at bootstrap/compiled_method.rb:52
                                 Method#call at bootstrap/compiled_method.rb:99
    Bytecode::Compiler::Processor#send (__send__) at bootstrap/core.rb:87
       Bytecode::Compiler::Processor#process at sexp/simple_processor.rb:56
    Bytecode::Compiler::Processor#process_newline at bytecode/compiler.rb:1478
                     CompiledMethod#activate at bootstrap/compiled_method.rb:52
                                 Method#call at bootstrap/compiled_method.rb:99
    Bytecode::Compiler::Processor#send (__send__) at bootstrap/core.rb:87
       Bytecode::Compiler::Processor#process at sexp/simple_processor.rb:56
    Bytecode::Compiler::Processor#process_block at bytecode/compiler.rb:372
                     CompiledMethod#activate at bootstrap/compiled_method.rb:52
                                 Method#call at bootstrap/compiled_method.rb:99
    Bytecode::Compiler::Processor#send (__send__) at bootstrap/core.rb:87
       Bytecode::Compiler::Processor#process at sexp/simple_processor.rb:56
    Bytecode::Compiler::Processor#process_block_iter at bytecode/compiler.rb:1396
                     CompiledMethod#activate at bootstrap/compiled_method.rb:52
                                 Method#call at bootstrap/compiled_method.rb:99
    Bytecode::Compiler::Processor#send (__send__) at bootstrap/core.rb:87
       Bytecode::Compiler::Processor#process at sexp/simple_processor.rb:56
    Bytecode::Compiler::Processor#process_call at bytecode/compiler.rb:1317
    Bytecode::Compiler::Processor#process_iter at bytecode/compiler.rb:1381
                     CompiledMethod#activate at bootstrap/compiled_method.rb:52
                                 Method#call at bootstrap/compiled_method.rb:99
    Bytecode::Compiler::Processor#send (__send__) at bootstrap/core.rb:87
       Bytecode::Compiler::Processor#process at sexp/simple_processor.rb:56
    Bytecode::Compiler::Processor#process_newline at bytecode/compiler.rb:1478
                     CompiledMethod#activate at bootstrap/compiled_method.rb:52
                                 Method#call at bootstrap/compiled_method.rb:99
    Bytecode::Compiler::Processor#send (__send__) at bootstrap/core.rb:87
       Bytecode::Compiler::Processor#process at sexp/simple_processor.rb:56
    Bytecode::Compiler::Processor#process_block at bytecode/compiler.rb:372
                     CompiledMethod#activate at bootstrap/compiled_method.rb:52
                                 Method#call at bootstrap/compiled_method.rb:99
    Bytecode::Compiler::Processor#send (__send__) at bootstrap/core.rb:87
       Bytecode::Compiler::Processor#process at sexp/simple_processor.rb:56
    Bytecode::Compiler::Processor#process_block_iter at bytecode/compiler.rb:1396
                     CompiledMethod#activate at bootstrap/compiled_method.rb:52
                                 Method#call at bootstrap/compiled_method.rb:99
    Bytecode::Compiler::Processor#send (__send__) at bootstrap/core.rb:87
       Bytecode::Compiler::Processor#process at sexp/simple_processor.rb:56
    Bytecode::Compiler::Processor#process_call at bytecode/compiler.rb:1317
    Bytecode::Compiler::Processor#process_iter at bytecode/compiler.rb:1381
                     CompiledMethod#activate at bootstrap/compiled_method.rb:52
                                 Method#call at bootstrap/compiled_method.rb:99
    Bytecode::Compiler::Processor#send (__send__) at bootstrap/core.rb:87
       Bytecode::Compiler::Processor#process at sexp/simple_processor.rb:56
    Bytecode::Compiler::Processor#process_newline at bytecode/compiler.rb:1478
                     CompiledMethod#activate at bootstrap/compiled_method.rb:52
                                 Method#call at bootstrap/compiled_method.rb:99
    Bytecode::Compiler::Processor#send (__send__) at bootstrap/core.rb:87
       Bytecode::Compiler::Processor#process at sexp/simple_processor.rb:56
    Bytecode::Compiler::Processor#process_block at bytecode/compiler.rb:372
                     CompiledMethod#activate at bootstrap/compiled_method.rb:52
                                 Method#call at bootstrap/compiled_method.rb:99
    Bytecode::Compiler::Processor#send (__send__) at bootstrap/core.rb:87
       Bytecode::Compiler::Processor#process at sexp/simple_processor.rb:56
    Bytecode::Compiler::Processor#process_scope at bytecode/compiler.rb:383
                     CompiledMethod#activate at bootstrap/compiled_method.rb:52
                                 Method#call at bootstrap/compiled_method.rb:99
    Bytecode::Compiler::Processor#send (__send__) at bootstrap/core.rb:87
       Bytecode::Compiler::Processor#process at sexp/simple_processor.rb:56
                  Bytecode::Compiler#compile at bytecode/compiler.rb:136
        Bytecode::Compiler#compile_as_method at bytecode/compiler.rb:150
    Bytecode::Compiler::Processor#process_defn at bytecode/compiler.rb:1175
                       BlockEnvironment#call at bootstrap/context.rb:96
           Bytecode::Compiler#as_method_body at bytecode/compiler.rb:107
    Bytecode::Compiler::Processor#process_defn at bytecode/compiler.rb:1175
                     CompiledMethod#activate at bootstrap/compiled_method.rb:52
                                 Method#call at bootstrap/compiled_method.rb:99
    Bytecode::Compiler::Processor#send (__send__) at bootstrap/core.rb:87
       Bytecode::Compiler::Processor#process at sexp/simple_processor.rb:56
    Bytecode::Compiler::Processor#process_newline at bytecode/compiler.rb:1478
                     CompiledMethod#activate at bootstrap/compiled_method.rb:52
                                 Method#call at bootstrap/compiled_method.rb:99
    Bytecode::Compiler::Processor#send (__send__) at bootstrap/core.rb:87
       Bytecode::Compiler::Processor#process at sexp/simple_processor.rb:56
    Bytecode::Compiler::Processor#process_block at bytecode/compiler.rb:372
                     CompiledMethod#activate at bootstrap/compiled_method.rb:52
                                 Method#call at bootstrap/compiled_method.rb:99
    Bytecode::Compiler::Processor#send (__send__) at bootstrap/core.rb:87
       Bytecode::Compiler::Processor#process at sexp/simple_processor.rb:56
    Bytecode::Compiler::Processor#process_scope at bytecode/compiler.rb:383
                     CompiledMethod#activate at bootstrap/compiled_method.rb:52
                                 Method#call at bootstrap/compiled_method.rb:99
    Bytecode::Compiler::Processor#send (__send__) at bootstrap/core.rb:87
       Bytecode::Compiler::Processor#process at sexp/simple_processor.rb:56
                  Bytecode::Compiler#compile at bytecode/compiler.rb:136
        Bytecode::Compiler#compile_as_method at bytecode/compiler.rb:150
    Bytecode::Compiler::Processor#process_class at bytecode/compiler.rb:760
                       BlockEnvironment#call at bootstrap/context.rb:96
            Bytecode::Compiler#as_class_body at bytecode/compiler.rb:79
    Bytecode::Compiler::Processor#process_class at bytecode/compiler.rb:760
                     CompiledMethod#activate at bootstrap/compiled_method.rb:52
                                 Method#call at bootstrap/compiled_method.rb:99
    Bytecode::Compiler::Processor#send (__send__) at bootstrap/core.rb:87
       Bytecode::Compiler::Processor#process at sexp/simple_processor.rb:56
    Bytecode::Compiler::Processor#process_newline at bytecode/compiler.rb:1478
                     CompiledMethod#activate at bootstrap/compiled_method.rb:52
                                 Method#call at bootstrap/compiled_method.rb:99
    Bytecode::Compiler::Processor#send (__send__) at bootstrap/core.rb:87
       Bytecode::Compiler::Processor#process at sexp/simple_processor.rb:56
    Bytecode::Compiler::Processor#process_block at bytecode/compiler.rb:372
                     CompiledMethod#activate at bootstrap/compiled_method.rb:52
                                 Method#call at bootstrap/compiled_method.rb:99
    Bytecode::Compiler::Processor#send (__send__) at bootstrap/core.rb:87
       Bytecode::Compiler::Processor#process at sexp/simple_processor.rb:56
    Bytecode::Compiler::Processor#process_scope at bytecode/compiler.rb:383
                     CompiledMethod#activate at bootstrap/compiled_method.rb:52
                                 Method#call at bootstrap/compiled_method.rb:99
    Bytecode::Compiler::Processor#send (__send__) at bootstrap/core.rb:87
       Bytecode::Compiler::Processor#process at sexp/simple_processor.rb:56
                  Bytecode::Compiler#compile at bytecode/compiler.rb:136
        Bytecode::Compiler#compile_as_method at bytecode/compiler.rb:150
    Bytecode::Compiler::Processor#process_module at bytecode/compiler.rb:802
                       BlockEnvironment#call at bootstrap/context.rb:96
           Bytecode::Compiler#as_module_body at bytecode/compiler.rb:93
    Bytecode::Compiler::Processor#process_module at bytecode/compiler.rb:802
                     CompiledMethod#activate at bootstrap/compiled_method.rb:52
                                 Method#call at bootstrap/compiled_method.rb:99
    Bytecode::Compiler::Processor#send (__send__) at bootstrap/core.rb:87
       Bytecode::Compiler::Processor#process at sexp/simple_processor.rb:56
    Bytecode::Compiler::Processor#process_newline at bytecode/compiler.rb:1478
                     CompiledMethod#activate at bootstrap/compiled_method.rb:52
                                 Method#call at bootstrap/compiled_method.rb:99
    Bytecode::Compiler::Processor#send (__send__) at bootstrap/core.rb:87
       Bytecode::Compiler::Processor#process at sexp/simple_processor.rb:56
                  Bytecode::Compiler#compile at bytecode/compiler.rb:136
        Bytecode::Compiler#compile_as_script at bytecode/compiler.rb:161
                        Compile.compile_file at core/compile.rb:6
                                   main.load at core/compile.rb:52
                                main.require at core/compile.rb:87
                       BlockEnvironment#call at bootstrap/context.rb:94
                                  Array#each at bootstrap/array.rb:24
                                main.require at core/compile.rb:87
                       BlockEnvironment#call at bootstrap/context.rb:94
                                  Array#each at bootstrap/array.rb:24
                                main.require at core/compile.rb:87
                        main.__eval_script__ at (eval):1
                     CompiledMethod#activate at bootstrap/compiled_method.rb:52
                             Compile.execute at core/compile.rb:22
                             main.__script__ at core/__loader.rb:58
</td>
      </tr>
      
      <tr>
        <td>spec/expectations/diff</td>
        <td>WARNING: 'define?' does not yet handle class variables.
An exception has occured:
    Unknown type 'cvdecl', [:@@differ, [:nil]] (RuntimeError)

Backtrace:
         Bytecode::Compiler::Processor#raise at bootstrap/04kernel.rb:23
       Bytecode::Compiler::Processor#process at sexp/simple_processor.rb:58
    Bytecode::Compiler::Processor#process_newline at bytecode/compiler.rb:1478
                     CompiledMethod#activate at bootstrap/compiled_method.rb:52
                                 Method#call at bootstrap/compiled_method.rb:99
    Bytecode::Compiler::Processor#send (__send__) at bootstrap/core.rb:87
       Bytecode::Compiler::Processor#process at sexp/simple_processor.rb:56
    Bytecode::Compiler::Processor#process_block at bytecode/compiler.rb:372
                     CompiledMethod#activate at bootstrap/compiled_method.rb:52
                                 Method#call at bootstrap/compiled_method.rb:99
    Bytecode::Compiler::Processor#send (__send__) at bootstrap/core.rb:87
       Bytecode::Compiler::Processor#process at sexp/simple_processor.rb:56
    Bytecode::Compiler::Processor#process_if at bytecode/compiler.rb:355
                     CompiledMethod#activate at bootstrap/compiled_method.rb:52
                                 Method#call at bootstrap/compiled_method.rb:99
    Bytecode::Compiler::Processor#send (__send__) at bootstrap/core.rb:87
       Bytecode::Compiler::Processor#process at sexp/simple_processor.rb:56
    Bytecode::Compiler::Processor#process_newline at bytecode/compiler.rb:1478
                     CompiledMethod#activate at bootstrap/compiled_method.rb:52
                                 Method#call at bootstrap/compiled_method.rb:99
    Bytecode::Compiler::Processor#send (__send__) at bootstrap/core.rb:87
       Bytecode::Compiler::Processor#process at sexp/simple_processor.rb:56
    Bytecode::Compiler::Processor#process_block at bytecode/compiler.rb:372
                     CompiledMethod#activate at bootstrap/compiled_method.rb:52
                                 Method#call at bootstrap/compiled_method.rb:99
    Bytecode::Compiler::Processor#send (__send__) at bootstrap/core.rb:87
       Bytecode::Compiler::Processor#process at sexp/simple_processor.rb:56
    Bytecode::Compiler::Processor#process_scope at bytecode/compiler.rb:383
                     CompiledMethod#activate at bootstrap/compiled_method.rb:52
                                 Method#call at bootstrap/compiled_method.rb:99
    Bytecode::Compiler::Processor#send (__send__) at bootstrap/core.rb:87
       Bytecode::Compiler::Processor#process at sexp/simple_processor.rb:56
                  Bytecode::Compiler#compile at bytecode/compiler.rb:136
        Bytecode::Compiler#compile_as_method at bytecode/compiler.rb:150
    Bytecode::Compiler::Processor#process_class at bytecode/compiler.rb:760
                       BlockEnvironment#call at bootstrap/context.rb:96
            Bytecode::Compiler#as_class_body at bytecode/compiler.rb:79
    Bytecode::Compiler::Processor#process_class at bytecode/compiler.rb:760
                     CompiledMethod#activate at bootstrap/compiled_method.rb:52
                                 Method#call at bootstrap/compiled_method.rb:99
    Bytecode::Compiler::Processor#send (__send__) at bootstrap/core.rb:87
       Bytecode::Compiler::Processor#process at sexp/simple_processor.rb:56
    Bytecode::Compiler::Processor#process_newline at bytecode/compiler.rb:1478
                     CompiledMethod#activate at bootstrap/compiled_method.rb:52
                                 Method#call at bootstrap/compiled_method.rb:99
    Bytecode::Compiler::Processor#send (__send__) at bootstrap/core.rb:87
       Bytecode::Compiler::Processor#process at sexp/simple_processor.rb:56
    Bytecode::Compiler::Processor#process_block at bytecode/compiler.rb:372
                     CompiledMethod#activate at bootstrap/compiled_method.rb:52
                                 Method#call at bootstrap/compiled_method.rb:99
    Bytecode::Compiler::Processor#send (__send__) at bootstrap/core.rb:87
       Bytecode::Compiler::Processor#process at sexp/simple_processor.rb:56
    Bytecode::Compiler::Processor#process_scope at bytecode/compiler.rb:383
                     CompiledMethod#activate at bootstrap/compiled_method.rb:52
                                 Method#call at bootstrap/compiled_method.rb:99
    Bytecode::Compiler::Processor#send (__send__) at bootstrap/core.rb:87
       Bytecode::Compiler::Processor#process at sexp/simple_processor.rb:56
                  Bytecode::Compiler#compile at bytecode/compiler.rb:136
        Bytecode::Compiler#compile_as_method at bytecode/compiler.rb:150
    Bytecode::Compiler::Processor#process_module at bytecode/compiler.rb:802
                       BlockEnvironment#call at bootstrap/context.rb:96
           Bytecode::Compiler#as_module_body at bytecode/compiler.rb:93
    Bytecode::Compiler::Processor#process_module at bytecode/compiler.rb:802
                     CompiledMethod#activate at bootstrap/compiled_method.rb:52
                                 Method#call at bootstrap/compiled_method.rb:99
    Bytecode::Compiler::Processor#send (__send__) at bootstrap/core.rb:87
       Bytecode::Compiler::Processor#process at sexp/simple_processor.rb:56
    Bytecode::Compiler::Processor#process_newline at bytecode/compiler.rb:1478
                     CompiledMethod#activate at bootstrap/compiled_method.rb:52
                                 Method#call at bootstrap/compiled_method.rb:99
    Bytecode::Compiler::Processor#send (__send__) at bootstrap/core.rb:87
       Bytecode::Compiler::Processor#process at sexp/simple_processor.rb:56
    Bytecode::Compiler::Processor#process_block at bytecode/compiler.rb:372
                     CompiledMethod#activate at bootstrap/compiled_method.rb:52
                                 Method#call at bootstrap/compiled_method.rb:99
    Bytecode::Compiler::Processor#send (__send__) at bootstrap/core.rb:87
       Bytecode::Compiler::Processor#process at sexp/simple_processor.rb:56
    Bytecode::Compiler::Processor#process_scope at bytecode/compiler.rb:383
                     CompiledMethod#activate at bootstrap/compiled_method.rb:52
                                 Method#call at bootstrap/compiled_method.rb:99
    Bytecode::Compiler::Processor#send (__send__) at bootstrap/core.rb:87
       Bytecode::Compiler::Processor#process at sexp/simple_processor.rb:56
                  Bytecode::Compiler#compile at bytecode/compiler.rb:136
        Bytecode::Compiler#compile_as_method at bytecode/compiler.rb:150
    Bytecode::Compiler::Processor#process_module at bytecode/compiler.rb:802
                       BlockEnvironment#call at bootstrap/context.rb:96
           Bytecode::Compiler#as_module_body at bytecode/compiler.rb:93
    Bytecode::Compiler::Processor#process_module at bytecode/compiler.rb:802
                     CompiledMethod#activate at bootstrap/compiled_method.rb:52
                                 Method#call at bootstrap/compiled_method.rb:99
    Bytecode::Compiler::Processor#send (__send__) at bootstrap/core.rb:87
       Bytecode::Compiler::Processor#process at sexp/simple_processor.rb:56
    Bytecode::Compiler::Processor#process_newline at bytecode/compiler.rb:1478
                     CompiledMethod#activate at bootstrap/compiled_method.rb:52
                                 Method#call at bootstrap/compiled_method.rb:99
    Bytecode::Compiler::Processor#send (__send__) at bootstrap/core.rb:87
       Bytecode::Compiler::Processor#process at sexp/simple_processor.rb:56
    Bytecode::Compiler::Processor#process_block at bytecode/compiler.rb:372
                     CompiledMethod#activate at bootstrap/compiled_method.rb:52
                                 Method#call at bootstrap/compiled_method.rb:99
    Bytecode::Compiler::Processor#send (__send__) at bootstrap/core.rb:87
       Bytecode::Compiler::Processor#process at sexp/simple_processor.rb:56
    Bytecode::Compiler::Processor#process_scope at bytecode/compiler.rb:383
                     CompiledMethod#activate at bootstrap/compiled_method.rb:52
                                 Method#call at bootstrap/compiled_method.rb:99
    Bytecode::Compiler::Processor#send (__send__) at bootstrap/core.rb:87
       Bytecode::Compiler::Processor#process at sexp/simple_processor.rb:56
                  Bytecode::Compiler#compile at bytecode/compiler.rb:136
        Bytecode::Compiler#compile_as_method at bytecode/compiler.rb:150
    Bytecode::Compiler::Processor#process_module at bytecode/compiler.rb:802
                       BlockEnvironment#call at bootstrap/context.rb:96
           Bytecode::Compiler#as_module_body at bytecode/compiler.rb:93
    Bytecode::Compiler::Processor#process_module at bytecode/compiler.rb:802
                     CompiledMethod#activate at bootstrap/compiled_method.rb:52
                                 Method#call at bootstrap/compiled_method.rb:99
    Bytecode::Compiler::Processor#send (__send__) at bootstrap/core.rb:87
       Bytecode::Compiler::Processor#process at sexp/simple_processor.rb:56
    Bytecode::Compiler::Processor#process_newline at bytecode/compiler.rb:1478
                     CompiledMethod#activate at bootstrap/compiled_method.rb:52
                                 Method#call at bootstrap/compiled_method.rb:99
    Bytecode::Compiler::Processor#send (__send__) at bootstrap/core.rb:87
       Bytecode::Compiler::Processor#process at sexp/simple_processor.rb:56
                  Bytecode::Compiler#compile at bytecode/compiler.rb:136
        Bytecode::Compiler#compile_as_script at bytecode/compiler.rb:161
                        Compile.compile_file at core/compile.rb:6
                                   main.load at core/compile.rb:52
                                main.require at core/compile.rb:87
                       BlockEnvironment#call at bootstrap/context.rb:94
                                  Array#each at bootstrap/array.rb:24
                                main.require at core/compile.rb:87
                       BlockEnvironment#call at bootstrap/context.rb:94
                                  Array#each at bootstrap/array.rb:24
                                main.require at core/compile.rb:87
                        main.__eval_script__ at (eval):1
                     CompiledMethod#activate at bootstrap/compiled_method.rb:52
                             Compile.execute at core/compile.rb:22
                             main.__script__ at core/__loader.rb:58
</td>
      </tr>
      
      <tr>
        <td>spec/expectations/differs/default</td>
        <td>An exception has occured:
    No method 'first' on an instance of Fixnum. (NoMethodError)

Backtrace:
               Fixnum#first (method_missing) at bootstrap/method_missing.rb:8
       Bytecode::Compiler::Processor#process at sexp/simple_processor.rb:35
    Bytecode::Compiler::Processor#handle_array_masgn at bytecode/compiler.rb:1094
                       BlockEnvironment#call at bootstrap/context.rb:94
                                  Array#each at bootstrap/array.rb:24
    Bytecode::Compiler::Processor#handle_array_masgn at bytecode/compiler.rb:1096
    Bytecode::Compiler::Processor#process_masgn at bytecode/compiler.rb:1060
                     CompiledMethod#activate at bootstrap/compiled_method.rb:52
                                 Method#call at bootstrap/compiled_method.rb:99
    Bytecode::Compiler::Processor#send (__send__) at bootstrap/core.rb:87
       Bytecode::Compiler::Processor#process at sexp/simple_processor.rb:56
    Bytecode::Compiler::Processor#process_newline at bytecode/compiler.rb:1478
                     CompiledMethod#activate at bootstrap/compiled_method.rb:52
                                 Method#call at bootstrap/compiled_method.rb:99
    Bytecode::Compiler::Processor#send (__send__) at bootstrap/core.rb:87
       Bytecode::Compiler::Processor#process at sexp/simple_processor.rb:56
    Bytecode::Compiler::Processor#process_block at bytecode/compiler.rb:372
                     CompiledMethod#activate at bootstrap/compiled_method.rb:52
                                 Method#call at bootstrap/compiled_method.rb:99
    Bytecode::Compiler::Processor#send (__send__) at bootstrap/core.rb:87
       Bytecode::Compiler::Processor#process at sexp/simple_processor.rb:56
    Bytecode::Compiler::Processor#process_scope at bytecode/compiler.rb:383
                     CompiledMethod#activate at bootstrap/compiled_method.rb:52
                                 Method#call at bootstrap/compiled_method.rb:99
    Bytecode::Compiler::Processor#send (__send__) at bootstrap/core.rb:87
       Bytecode::Compiler::Processor#process at sexp/simple_processor.rb:56
                  Bytecode::Compiler#compile at bytecode/compiler.rb:136
        Bytecode::Compiler#compile_as_method at bytecode/compiler.rb:150
    Bytecode::Compiler::Processor#process_defn at bytecode/compiler.rb:1175
                       BlockEnvironment#call at bootstrap/context.rb:96
           Bytecode::Compiler#as_method_body at bytecode/compiler.rb:107
    Bytecode::Compiler::Processor#process_defn at bytecode/compiler.rb:1175
                     CompiledMethod#activate at bootstrap/compiled_method.rb:52
                                 Method#call at bootstrap/compiled_method.rb:99
    Bytecode::Compiler::Processor#send (__send__) at bootstrap/core.rb:87
       Bytecode::Compiler::Processor#process at sexp/simple_processor.rb:56
    Bytecode::Compiler::Processor#process_newline at bytecode/compiler.rb:1478
                     CompiledMethod#activate at bootstrap/compiled_method.rb:52
                                 Method#call at bootstrap/compiled_method.rb:99
    Bytecode::Compiler::Processor#send (__send__) at bootstrap/core.rb:87
       Bytecode::Compiler::Processor#process at sexp/simple_processor.rb:56
    Bytecode::Compiler::Processor#process_block at bytecode/compiler.rb:372
                     CompiledMethod#activate at bootstrap/compiled_method.rb:52
                                 Method#call at bootstrap/compiled_method.rb:99
    Bytecode::Compiler::Processor#send (__send__) at bootstrap/core.rb:87
       Bytecode::Compiler::Processor#process at sexp/simple_processor.rb:56
    Bytecode::Compiler::Processor#process_scope at bytecode/compiler.rb:383
                     CompiledMethod#activate at bootstrap/compiled_method.rb:52
                                 Method#call at bootstrap/compiled_method.rb:99
    Bytecode::Compiler::Processor#send (__send__) at bootstrap/core.rb:87
       Bytecode::Compiler::Processor#process at sexp/simple_processor.rb:56
                  Bytecode::Compiler#compile at bytecode/compiler.rb:136
        Bytecode::Compiler#compile_as_method at bytecode/compiler.rb:150
    Bytecode::Compiler::Processor#process_class at bytecode/compiler.rb:760
                       BlockEnvironment#call at bootstrap/context.rb:96
            Bytecode::Compiler#as_class_body at bytecode/compiler.rb:79
    Bytecode::Compiler::Processor#process_class at bytecode/compiler.rb:760
                     CompiledMethod#activate at bootstrap/compiled_method.rb:52
                                 Method#call at bootstrap/compiled_method.rb:99
    Bytecode::Compiler::Processor#send (__send__) at bootstrap/core.rb:87
       Bytecode::Compiler::Processor#process at sexp/simple_processor.rb:56
    Bytecode::Compiler::Processor#process_newline at bytecode/compiler.rb:1478
                     CompiledMethod#activate at bootstrap/compiled_method.rb:52
                                 Method#call at bootstrap/compiled_method.rb:99
    Bytecode::Compiler::Processor#send (__send__) at bootstrap/core.rb:87
       Bytecode::Compiler::Processor#process at sexp/simple_processor.rb:56
    Bytecode::Compiler::Processor#process_block at bytecode/compiler.rb:372
                     CompiledMethod#activate at bootstrap/compiled_method.rb:52
                                 Method#call at bootstrap/compiled_method.rb:99
    Bytecode::Compiler::Processor#send (__send__) at bootstrap/core.rb:87
       Bytecode::Compiler::Processor#process at sexp/simple_processor.rb:56
    Bytecode::Compiler::Processor#process_scope at bytecode/compiler.rb:383
                     CompiledMethod#activate at bootstrap/compiled_method.rb:52
                                 Method#call at bootstrap/compiled_method.rb:99
    Bytecode::Compiler::Processor#send (__send__) at bootstrap/core.rb:87
       Bytecode::Compiler::Processor#process at sexp/simple_processor.rb:56
                  Bytecode::Compiler#compile at bytecode/compiler.rb:136
        Bytecode::Compiler#compile_as_method at bytecode/compiler.rb:150
    Bytecode::Compiler::Processor#process_module at bytecode/compiler.rb:802
                       BlockEnvironment#call at bootstrap/context.rb:96
           Bytecode::Compiler#as_module_body at bytecode/compiler.rb:93
    Bytecode::Compiler::Processor#process_module at bytecode/compiler.rb:802
                     CompiledMethod#activate at bootstrap/compiled_method.rb:52
                                 Method#call at bootstrap/compiled_method.rb:99
    Bytecode::Compiler::Processor#send (__send__) at bootstrap/core.rb:87
       Bytecode::Compiler::Processor#process at sexp/simple_processor.rb:56
    Bytecode::Compiler::Processor#process_newline at bytecode/compiler.rb:1478
                     CompiledMethod#activate at bootstrap/compiled_method.rb:52
                                 Method#call at bootstrap/compiled_method.rb:99
    Bytecode::Compiler::Processor#send (__send__) at bootstrap/core.rb:87
       Bytecode::Compiler::Processor#process at sexp/simple_processor.rb:56
    Bytecode::Compiler::Processor#process_block at bytecode/compiler.rb:372
                     CompiledMethod#activate at bootstrap/compiled_method.rb:52
                                 Method#call at bootstrap/compiled_method.rb:99
    Bytecode::Compiler::Processor#send (__send__) at bootstrap/core.rb:87
       Bytecode::Compiler::Processor#process at sexp/simple_processor.rb:56
    Bytecode::Compiler::Processor#process_scope at bytecode/compiler.rb:383
                     CompiledMethod#activate at bootstrap/compiled_method.rb:52
                                 Method#call at bootstrap/compiled_method.rb:99
    Bytecode::Compiler::Processor#send (__send__) at bootstrap/core.rb:87
       Bytecode::Compiler::Processor#process at sexp/simple_processor.rb:56
                  Bytecode::Compiler#compile at bytecode/compiler.rb:136
        Bytecode::Compiler#compile_as_method at bytecode/compiler.rb:150
    Bytecode::Compiler::Processor#process_module at bytecode/compiler.rb:802
                       BlockEnvironment#call at bootstrap/context.rb:96
           Bytecode::Compiler#as_module_body at bytecode/compiler.rb:93
    Bytecode::Compiler::Processor#process_module at bytecode/compiler.rb:802
                     CompiledMethod#activate at bootstrap/compiled_method.rb:52
                                 Method#call at bootstrap/compiled_method.rb:99
    Bytecode::Compiler::Processor#send (__send__) at bootstrap/core.rb:87
       Bytecode::Compiler::Processor#process at sexp/simple_processor.rb:56
    Bytecode::Compiler::Processor#process_newline at bytecode/compiler.rb:1478
                     CompiledMethod#activate at bootstrap/compiled_method.rb:52
                                 Method#call at bootstrap/compiled_method.rb:99
    Bytecode::Compiler::Processor#send (__send__) at bootstrap/core.rb:87
       Bytecode::Compiler::Processor#process at sexp/simple_processor.rb:56
    Bytecode::Compiler::Processor#process_block at bytecode/compiler.rb:372
                     CompiledMethod#activate at bootstrap/compiled_method.rb:52
                                 Method#call at bootstrap/compiled_method.rb:99
    Bytecode::Compiler::Processor#send (__send__) at bootstrap/core.rb:87
       Bytecode::Compiler::Processor#process at sexp/simple_processor.rb:56
    Bytecode::Compiler::Processor#process_scope at bytecode/compiler.rb:383
                     CompiledMethod#activate at bootstrap/compiled_method.rb:52
                                 Method#call at bootstrap/compiled_method.rb:99
    Bytecode::Compiler::Processor#send (__send__) at bootstrap/core.rb:87
       Bytecode::Compiler::Processor#process at sexp/simple_processor.rb:56
                  Bytecode::Compiler#compile at bytecode/compiler.rb:136
        Bytecode::Compiler#compile_as_method at bytecode/compiler.rb:150
    Bytecode::Compiler::Processor#process_module at bytecode/compiler.rb:802
                       BlockEnvironment#call at bootstrap/context.rb:96
           Bytecode::Compiler#as_module_body at bytecode/compiler.rb:93
    Bytecode::Compiler::Processor#process_module at bytecode/compiler.rb:802
                     CompiledMethod#activate at bootstrap/compiled_method.rb:52
                                 Method#call at bootstrap/compiled_method.rb:99
    Bytecode::Compiler::Processor#send (__send__) at bootstrap/core.rb:87
       Bytecode::Compiler::Processor#process at sexp/simple_processor.rb:56
    Bytecode::Compiler::Processor#process_newline at bytecode/compiler.rb:1478
                     CompiledMethod#activate at bootstrap/compiled_method.rb:52
                                 Method#call at bootstrap/compiled_method.rb:99
    Bytecode::Compiler::Processor#send (__send__) at bootstrap/core.rb:87
       Bytecode::Compiler::Processor#process at sexp/simple_processor.rb:56
    Bytecode::Compiler::Processor#process_block at bytecode/compiler.rb:372
                     CompiledMethod#activate at bootstrap/compiled_method.rb:52
                                 Method#call at bootstrap/compiled_method.rb:99
    Bytecode::Compiler::Processor#send (__send__) at bootstrap/core.rb:87
       Bytecode::Compiler::Processor#process at sexp/simple_processor.rb:56
                  Bytecode::Compiler#compile at bytecode/compiler.rb:136
        Bytecode::Compiler#compile_as_script at bytecode/compiler.rb:161
                        Compile.compile_file at core/compile.rb:6
                                   main.load at core/compile.rb:52
                                main.require at core/compile.rb:87
                       BlockEnvironment#call at bootstrap/context.rb:94
                                  Array#each at bootstrap/array.rb:24
                                main.require at core/compile.rb:87
                       BlockEnvironment#call at bootstrap/context.rb:94
                                  Array#each at bootstrap/array.rb:24
                                main.require at core/compile.rb:87
                        main.__eval_script__ at (eval):1
                     CompiledMethod#activate at bootstrap/compiled_method.rb:52
                             Compile.execute at core/compile.rb:22
                             main.__script__ at core/__loader.rb:58
</td>
      </tr>
      
      <tr>
        <td>spec/expectations/should</td>
        <td>An exception has occured:
    Unknown set argument '~' (RuntimeError)

Backtrace:
                   Bytecode::Assembler#raise at bootstrap/04kernel.rb:20
               Bytecode::Assembler#parse_set at bytecode/assembler.rb:391
         Bytecode::Assembler#parse_operation at bytecode/assembler.rb:408
              Bytecode::Assembler#parse_line at bytecode/assembler.rb:222
                Bytecode::Assembler#assemble at bytecode/assembler.rb:94
                       BlockEnvironment#call at bootstrap/context.rb:94
                                  Array#each at bootstrap/array.rb:24
                Bytecode::Assembler#assemble at bytecode/assembler.rb:94
      Bytecode::MethodDescription#to_cmethod at bytecode/rubinius.rb:16
    Bytecode::MethodDescription#encode_literals at bytecode/rubinius.rb:87
                       BlockEnvironment#call at bootstrap/context.rb:94
                                  Array#each at bootstrap/array.rb:24
    Bytecode::MethodDescription#encode_literals at bytecode/rubinius.rb:90
      Bytecode::MethodDescription#to_cmethod at bytecode/rubinius.rb:44
    Bytecode::MethodDescription#encode_literals at bytecode/rubinius.rb:87
                       BlockEnvironment#call at bootstrap/context.rb:94
                                  Array#each at bootstrap/array.rb:24
    Bytecode::MethodDescription#encode_literals at bytecode/rubinius.rb:90
      Bytecode::MethodDescription#to_cmethod at bytecode/rubinius.rb:44
    Bytecode::MethodDescription#encode_literals at bytecode/rubinius.rb:87
                       BlockEnvironment#call at bootstrap/context.rb:94
                                  Array#each at bootstrap/array.rb:24
    Bytecode::MethodDescription#encode_literals at bytecode/rubinius.rb:90
      Bytecode::MethodDescription#to_cmethod at bytecode/rubinius.rb:44
    Bytecode::MethodDescription#encode_literals at bytecode/rubinius.rb:87
                       BlockEnvironment#call at bootstrap/context.rb:94
                                  Array#each at bootstrap/array.rb:24
    Bytecode::MethodDescription#encode_literals at bytecode/rubinius.rb:90
      Bytecode::MethodDescription#to_cmethod at bytecode/rubinius.rb:44
    Bytecode::MethodDescription#encode_literals at bytecode/rubinius.rb:87
                       BlockEnvironment#call at bootstrap/context.rb:94
                                  Array#each at bootstrap/array.rb:24
    Bytecode::MethodDescription#encode_literals at bytecode/rubinius.rb:90
      Bytecode::MethodDescription#to_cmethod at bytecode/rubinius.rb:44
                        Compile.compile_file at core/compile.rb:8
                                   main.load at core/compile.rb:52
                                main.require at core/compile.rb:87
                       BlockEnvironment#call at bootstrap/context.rb:94
                                  Array#each at bootstrap/array.rb:24
                                main.require at core/compile.rb:87
                       BlockEnvironment#call at bootstrap/context.rb:94
                                  Array#each at bootstrap/array.rb:24
                                main.require at core/compile.rb:87
                             main.__script__ at externals/rspec-0.7.5/lib/spec/expectations/should.rb:1
                                   main.load at core/compile.rb:43
                                main.require at core/compile.rb:87
                       BlockEnvironment#call at bootstrap/context.rb:94
                                  Array#each at bootstrap/array.rb:24
                                main.require at core/compile.rb:87
                       BlockEnvironment#call at bootstrap/context.rb:94
                                  Array#each at bootstrap/array.rb:24
                                main.require at core/compile.rb:87
                        main.__eval_script__ at (eval):1
                     CompiledMethod#activate at bootstrap/compiled_method.rb:52
                             Compile.execute at core/compile.rb:22
                             main.__script__ at core/__loader.rb:58
</td>
      </tr>
      
      <tr>
        <td>spec/expectations/should/change</td>
        <td>An exception has occured:
    No method 'private' on an instance of Class. (NoMethodError)

Backtrace:
    Should::Change.private (method_missing) at bootstrap/method_missing.rb:8
              Should::Change.__class_init__ at externals/rspec-0.7.5/lib/spec/expectations/should/change.rb:52
                     Should.__module_init__ at externals/rspec-0.7.5/lib/spec/expectations/should/change.rb:4
               Expectations.__module_init__ at externals/rspec-0.7.5/lib/spec/expectations/should/change.rb:3
                       Spec.__module_init__ at externals/rspec-0.7.5/lib/spec/expectations/should/change.rb:2
                            main.__script__ at externals/rspec-0.7.5/lib/spec/expectations/should/change.rb:1
                                  main.load at core/compile.rb:43
                               main.require at core/compile.rb:87
                      BlockEnvironment#call at bootstrap/context.rb:94
                                 Array#each at bootstrap/array.rb:24
                               main.require at core/compile.rb:87
                      BlockEnvironment#call at bootstrap/context.rb:94
                                 Array#each at bootstrap/array.rb:24
                               main.require at core/compile.rb:87
                       main.__eval_script__ at (eval):1
                    CompiledMethod#activate at bootstrap/compiled_method.rb:52
                            Compile.execute at core/compile.rb:22
                            main.__script__ at core/__loader.rb:58
Couldn't find constant Base.
</td>
      </tr>
      
      <tr>
        <td>spec/expectations/should/should</td>
        <td>Couldn't find constant Base.
</td>
      </tr>
      
      <tr>
        <td>spec/expectations/should/have</td>
        <td>An exception has occured:
    Unknown set argument '~' (RuntimeError)

Backtrace:
                   Bytecode::Assembler#raise at bootstrap/04kernel.rb:20
               Bytecode::Assembler#parse_set at bytecode/assembler.rb:391
         Bytecode::Assembler#parse_operation at bytecode/assembler.rb:408
              Bytecode::Assembler#parse_line at bytecode/assembler.rb:222
                Bytecode::Assembler#assemble at bytecode/assembler.rb:94
                       BlockEnvironment#call at bootstrap/context.rb:94
                                  Array#each at bootstrap/array.rb:24
                Bytecode::Assembler#assemble at bytecode/assembler.rb:94
      Bytecode::MethodDescription#to_cmethod at bytecode/rubinius.rb:16
    Bytecode::MethodDescription#encode_literals at bytecode/rubinius.rb:87
                       BlockEnvironment#call at bootstrap/context.rb:94
                                  Array#each at bootstrap/array.rb:24
    Bytecode::MethodDescription#encode_literals at bytecode/rubinius.rb:90
      Bytecode::MethodDescription#to_cmethod at bytecode/rubinius.rb:44
    Bytecode::MethodDescription#encode_literals at bytecode/rubinius.rb:87
                       BlockEnvironment#call at bootstrap/context.rb:94
                                  Array#each at bootstrap/array.rb:24
    Bytecode::MethodDescription#encode_literals at bytecode/rubinius.rb:90
      Bytecode::MethodDescription#to_cmethod at bytecode/rubinius.rb:44
    Bytecode::MethodDescription#encode_literals at bytecode/rubinius.rb:87
                       BlockEnvironment#call at bootstrap/context.rb:94
                                  Array#each at bootstrap/array.rb:24
    Bytecode::MethodDescription#encode_literals at bytecode/rubinius.rb:90
      Bytecode::MethodDescription#to_cmethod at bytecode/rubinius.rb:44
    Bytecode::MethodDescription#encode_literals at bytecode/rubinius.rb:87
                       BlockEnvironment#call at bootstrap/context.rb:94
                                  Array#each at bootstrap/array.rb:24
    Bytecode::MethodDescription#encode_literals at bytecode/rubinius.rb:90
      Bytecode::MethodDescription#to_cmethod at bytecode/rubinius.rb:44
    Bytecode::MethodDescription#encode_literals at bytecode/rubinius.rb:87
                       BlockEnvironment#call at bootstrap/context.rb:94
                                  Array#each at bootstrap/array.rb:24
    Bytecode::MethodDescription#encode_literals at bytecode/rubinius.rb:90
      Bytecode::MethodDescription#to_cmethod at bytecode/rubinius.rb:44
                        Compile.compile_file at core/compile.rb:8
                                   main.load at core/compile.rb:52
                                main.require at core/compile.rb:87
                       BlockEnvironment#call at bootstrap/context.rb:94
                                  Array#each at bootstrap/array.rb:24
                                main.require at core/compile.rb:87
                       BlockEnvironment#call at bootstrap/context.rb:94
                                  Array#each at bootstrap/array.rb:24
                                main.require at core/compile.rb:87
                        main.__eval_script__ at (eval):1
                     CompiledMethod#activate at bootstrap/compiled_method.rb:52
                             Compile.execute at core/compile.rb:22
                             main.__script__ at core/__loader.rb:58
</td>
      </tr>
      
      <tr>
        <td>spec/expectations/should/not</td>
        <td>Couldn't find constant Base.
</td>
      </tr>
      
      <tr>
        <td>spec/expectations/should/base</td>
        <td>An exception has occured:
    Unknown set argument '~' (RuntimeError)

Backtrace:
                   Bytecode::Assembler#raise at bootstrap/04kernel.rb:20
               Bytecode::Assembler#parse_set at bytecode/assembler.rb:391
         Bytecode::Assembler#parse_operation at bytecode/assembler.rb:408
              Bytecode::Assembler#parse_line at bytecode/assembler.rb:222
                Bytecode::Assembler#assemble at bytecode/assembler.rb:94
                       BlockEnvironment#call at bootstrap/context.rb:94
                                  Array#each at bootstrap/array.rb:24
                Bytecode::Assembler#assemble at bytecode/assembler.rb:94
      Bytecode::MethodDescription#to_cmethod at bytecode/rubinius.rb:16
    Bytecode::MethodDescription#encode_literals at bytecode/rubinius.rb:87
                       BlockEnvironment#call at bootstrap/context.rb:94
                                  Array#each at bootstrap/array.rb:24
    Bytecode::MethodDescription#encode_literals at bytecode/rubinius.rb:90
      Bytecode::MethodDescription#to_cmethod at bytecode/rubinius.rb:44
    Bytecode::MethodDescription#encode_literals at bytecode/rubinius.rb:87
                       BlockEnvironment#call at bootstrap/context.rb:94
                                  Array#each at bootstrap/array.rb:24
    Bytecode::MethodDescription#encode_literals at bytecode/rubinius.rb:90
      Bytecode::MethodDescription#to_cmethod at bytecode/rubinius.rb:44
    Bytecode::MethodDescription#encode_literals at bytecode/rubinius.rb:87
                       BlockEnvironment#call at bootstrap/context.rb:94
                                  Array#each at bootstrap/array.rb:24
    Bytecode::MethodDescription#encode_literals at bytecode/rubinius.rb:90
      Bytecode::MethodDescription#to_cmethod at bytecode/rubinius.rb:44
    Bytecode::MethodDescription#encode_literals at bytecode/rubinius.rb:87
                       BlockEnvironment#call at bootstrap/context.rb:94
                                  Array#each at bootstrap/array.rb:24
    Bytecode::MethodDescription#encode_literals at bytecode/rubinius.rb:90
      Bytecode::MethodDescription#to_cmethod at bytecode/rubinius.rb:44
    Bytecode::MethodDescription#encode_literals at bytecode/rubinius.rb:87
                       BlockEnvironment#call at bootstrap/context.rb:94
                                  Array#each at bootstrap/array.rb:24
    Bytecode::MethodDescription#encode_literals at bytecode/rubinius.rb:90
      Bytecode::MethodDescription#to_cmethod at bytecode/rubinius.rb:44
                        Compile.compile_file at core/compile.rb:8
                                   main.load at core/compile.rb:52
                                main.require at core/compile.rb:87
                       BlockEnvironment#call at bootstrap/context.rb:94
                                  Array#each at bootstrap/array.rb:24
                                main.require at core/compile.rb:87
                       BlockEnvironment#call at bootstrap/context.rb:94
                                  Array#each at bootstrap/array.rb:24
                                main.require at core/compile.rb:87
                        main.__eval_script__ at (eval):1
                     CompiledMethod#activate at bootstrap/compiled_method.rb:52
                             Compile.execute at core/compile.rb:22
                             main.__script__ at core/__loader.rb:58
</td>
      </tr>
      
      <tr>
        <td>spec/expectations/extensions/numeric</td>
        <td>An exception has occured:
    No method 'private' on an instance of Module. (NoMethodError)

Backtrace:
    NumericExpectations.private (method_missing) at bootstrap/method_missing.rb:8
         NumericExpectations.__module_init__ at externals/rspec-0.7.5/lib/spec/expectations/extensions/numeric.rb:9
                Expectations.__module_init__ at externals/rspec-0.7.5/lib/spec/expectations/extensions/numeric.rb:3
                        Spec.__module_init__ at externals/rspec-0.7.5/lib/spec/expectations/extensions/numeric.rb:2
                             main.__script__ at externals/rspec-0.7.5/lib/spec/expectations/extensions/numeric.rb:1
                                   main.load at core/compile.rb:43
                                main.require at core/compile.rb:87
                       BlockEnvironment#call at bootstrap/context.rb:94
                                  Array#each at bootstrap/array.rb:24
                                main.require at core/compile.rb:87
                       BlockEnvironment#call at bootstrap/context.rb:94
                                  Array#each at bootstrap/array.rb:24
                                main.require at core/compile.rb:87
                        main.__eval_script__ at (eval):1
                     CompiledMethod#activate at bootstrap/compiled_method.rb:52
                             Compile.execute at core/compile.rb:22
                             main.__script__ at core/__loader.rb:58
</td>
      </tr>
      
      <tr>
        <td>spec/expectations/extensions/object</td>
        <td>rubinius: instructions.gen:48: cpu_run: Assertion `({ unsigned long _i = (unsigned long)t2; _i &gt; 10 &amp;&amp; ((_i &amp; 1L) == 0L); })' failed.
Couldn't find constant UnderscoreSugar.

An error has occured: Software abort (SIGABRT)

C backtrace:
0xb7d65eef &lt;??&gt; at ??:0
0xb7d5ddb7 &lt;??&gt; at ??:0
 0x8057192 &lt;cpu_run&gt; at /home/mae/projects/rubinius/shotgun/lib/instructions.gen:48
 0x804ad66 &lt;machine_run&gt; at /home/mae/projects/rubinius/shotgun/lib/machine.c:412
 0x804b36d &lt;machine_load_archive&gt; at /home/mae/projects/rubinius/shotgun/lib/machine.c:541
 0x804a30a &lt;main&gt; at /home/mae/projects/rubinius/shotgun/main.c:82
0xb7d508c8 &lt;??&gt; at ??:0
 0x8049ffd &lt;_start&gt; at ??:0
 0x807af33 &lt;object_memory_tenure_object&gt; at /home/mae/projects/rubinius/shotgun/lib/object_memory.c:128

Ruby backtrace:
0xb7c12328 Object#__ivars__+0 in bootstrap/00auto_fields.rb
0xb7c122bc IncludedModule#initialize+29 in bootstrap/02module.rb
0xb7c121f0 Class#new+62 in bootstrap/class.rb
0xb7c12180 Module#include+34 in bootstrap/02module.rb
0xb7c11b18 Class#__class_init__+53 in externals/rspec-0.7.5/lib/spec/expectations/extensions/object.rb
0xb7c10094 Class#__script__+51 in externals/rspec-0.7.5/lib/spec/expectations/extensions/object.rb
0xb7c03f2c Kernel#load+191 in core/compile.rb
Skipping Block Context
0xb7bffdcc BlockEnvironment#call+91 in bootstrap/context.rb
0xb7bffcf4 Array#each+72 in bootstrap/array.rb
Skipping Block Context
0xb7bffb3c BlockEnvironment#call+91 in bootstrap/context.rb
0xb7bffa64 Array#each+72 in bootstrap/array.rb
0xb7bff264 Kernel#require+479 in core/compile.rb
0xb7bfefdc Class#__eval_script__+52 in (eval)
0xb7bfee20 CompiledMethod#activate+79 in bootstrap/compiled_method.rb
0xb7a1e530 Class#execute+59 in core/compile.rb
0xb7b18008 Class#__script__+412 in core/__loader.rb

Ruby stack:
  87    &lt;Array:0xb7af73f4&gt;
  88    &lt;CompiledMethod:0xb7c0448c&gt;
  89    &lt;NilClass:0x4&gt;
  90    &lt;NilClass:0x4&gt;
  91    &lt;TrueClass:0x2&gt;
  92 =&gt; Object
  93    &lt;NilClass:0x4&gt;
  94    &lt;Fixnum:0x1&gt;
  95    &lt;IncludedModule:0xb7c1228c&gt;
  96    &lt;Fixnum:0x5&gt;

VM Registers:
IP: 0016     SP: 0092
AC: 0000     AR: 0001
Exception: &lt;NilClass:0x4&gt;
</td>
      </tr>
      
      <tr>
        <td>spec/expectations/extensions</td>
        <td>rubinius: instructions.gen:48: cpu_run: Assertion `({ unsigned long _i = (unsigned long)t2; _i &gt; 10 &amp;&amp; ((_i &amp; 1L) == 0L); })' failed.
Couldn't find constant UnderscoreSugar.

An error has occured: Software abort (SIGABRT)

C backtrace:
0xb7ddbeef &lt;??&gt; at ??:0
0xb7dd3db7 &lt;??&gt; at ??:0
 0x8057192 &lt;cpu_run&gt; at /home/mae/projects/rubinius/shotgun/lib/instructions.gen:48
 0x804ad66 &lt;machine_run&gt; at /home/mae/projects/rubinius/shotgun/lib/machine.c:412
 0x804b36d &lt;machine_load_archive&gt; at /home/mae/projects/rubinius/shotgun/lib/machine.c:541
 0x804a30a &lt;main&gt; at /home/mae/projects/rubinius/shotgun/main.c:82
0xb7dc68c8 &lt;??&gt; at ??:0
 0x8049ffd &lt;_start&gt; at ??:0
 0x807af33 &lt;object_memory_tenure_object&gt; at /home/mae/projects/rubinius/shotgun/lib/object_memory.c:128

Ruby backtrace:
0xb7c8deec Object#__ivars__+0 in bootstrap/00auto_fields.rb
0xb7c8de80 IncludedModule#initialize+29 in bootstrap/02module.rb
0xb7c8ddb4 Class#new+62 in bootstrap/class.rb
0xb7c8dd44 Module#include+34 in bootstrap/02module.rb
0xb7c8d6dc Class#__class_init__+53 in externals/rspec-0.7.5/lib/spec/expectations/extensions/object.rb
0xb7c8bc58 Class#__script__+51 in externals/rspec-0.7.5/lib/spec/expectations/extensions/object.rb
0xb7c7faf0 Kernel#load+191 in core/compile.rb
Skipping Block Context
0xb7c7b534 BlockEnvironment#call+91 in bootstrap/context.rb
0xb7c7b45c Array#each+72 in bootstrap/array.rb
Skipping Block Context
0xb7c7b2a4 BlockEnvironment#call+91 in bootstrap/context.rb
0xb7c7b1cc Array#each+72 in bootstrap/array.rb
0xb7c7a9cc Kernel#require+479 in core/compile.rb
0xb7c7a910 Class#__script__+16 in externals/rspec-0.7.5/lib/spec/expectations/extensions.rb
0xb7c79ed8 Kernel#load+191 in core/compile.rb
Skipping Block Context
0xb7c75d80 BlockEnvironment#call+91 in bootstrap/context.rb
0xb7c75ca8 Array#each+72 in bootstrap/array.rb
Skipping Block Context
0xb7c75af0 BlockEnvironment#call+91 in bootstrap/context.rb
0xb7c75a18 Array#each+72 in bootstrap/array.rb
0xb7c7525c Kernel#require+479 in core/compile.rb
0xb7c74fd8 Class#__eval_script__+52 in (eval)
0xb7c74e1c CompiledMethod#activate+79 in bootstrap/compiled_method.rb
0xb7a94530 Class#execute+59 in core/compile.rb
0xb7b8e000 Class#__script__+412 in core/__loader.rb

Ruby stack:
  99    &lt;Array:0xb7b6d3f4&gt;
 100    &lt;CompiledMethod:0xb7c80050&gt;
 101    &lt;NilClass:0x4&gt;
 102    &lt;NilClass:0x4&gt;
 103    &lt;TrueClass:0x2&gt;
 104 =&gt; Object
 105    &lt;NilClass:0x4&gt;
 106    &lt;Fixnum:0x1&gt;
 107    &lt;IncludedModule:0xb7c8de50&gt;
 108    &lt;Fixnum:0x5&gt;

VM Registers:
IP: 0016     SP: 0104
AC: 0000     AR: 0001
Exception: &lt;NilClass:0x4&gt;
</td>
      </tr>
      
      <tr>
        <td>spec/expectations/sugar</td>
        <td>An exception has occured:
    Unknown set argument '~' (RuntimeError)

Backtrace:
                   Bytecode::Assembler#raise at bootstrap/04kernel.rb:20
               Bytecode::Assembler#parse_set at bytecode/assembler.rb:391
         Bytecode::Assembler#parse_operation at bytecode/assembler.rb:408
              Bytecode::Assembler#parse_line at bytecode/assembler.rb:222
                Bytecode::Assembler#assemble at bytecode/assembler.rb:94
                       BlockEnvironment#call at bootstrap/context.rb:94
                                  Array#each at bootstrap/array.rb:24
                Bytecode::Assembler#assemble at bytecode/assembler.rb:94
      Bytecode::MethodDescription#to_cmethod at bytecode/rubinius.rb:16
    Bytecode::MethodDescription#encode_literals at bytecode/rubinius.rb:87
                       BlockEnvironment#call at bootstrap/context.rb:94
                                  Array#each at bootstrap/array.rb:24
    Bytecode::MethodDescription#encode_literals at bytecode/rubinius.rb:90
      Bytecode::MethodDescription#to_cmethod at bytecode/rubinius.rb:44
    Bytecode::MethodDescription#encode_literals at bytecode/rubinius.rb:87
                       BlockEnvironment#call at bootstrap/context.rb:94
                                  Array#each at bootstrap/array.rb:24
    Bytecode::MethodDescription#encode_literals at bytecode/rubinius.rb:90
      Bytecode::MethodDescription#to_cmethod at bytecode/rubinius.rb:44
    Bytecode::MethodDescription#encode_literals at bytecode/rubinius.rb:87
                       BlockEnvironment#call at bootstrap/context.rb:94
                                  Array#each at bootstrap/array.rb:24
    Bytecode::MethodDescription#encode_literals at bytecode/rubinius.rb:90
      Bytecode::MethodDescription#to_cmethod at bytecode/rubinius.rb:44
    Bytecode::MethodDescription#encode_literals at bytecode/rubinius.rb:87
                       BlockEnvironment#call at bootstrap/context.rb:94
                                  Array#each at bootstrap/array.rb:24
    Bytecode::MethodDescription#encode_literals at bytecode/rubinius.rb:90
      Bytecode::MethodDescription#to_cmethod at bytecode/rubinius.rb:44
    Bytecode::MethodDescription#encode_literals at bytecode/rubinius.rb:87
                       BlockEnvironment#call at bootstrap/context.rb:94
                                  Array#each at bootstrap/array.rb:24
    Bytecode::MethodDescription#encode_literals at bytecode/rubinius.rb:90
      Bytecode::MethodDescription#to_cmethod at bytecode/rubinius.rb:44
                        Compile.compile_file at core/compile.rb:8
                                   main.load at core/compile.rb:52
                                main.require at core/compile.rb:87
                       BlockEnvironment#call at bootstrap/context.rb:94
                                  Array#each at bootstrap/array.rb:24
                                main.require at core/compile.rb:87
                       BlockEnvironment#call at bootstrap/context.rb:94
                                  Array#each at bootstrap/array.rb:24
                                main.require at core/compile.rb:87
                        main.__eval_script__ at (eval):1
                     CompiledMethod#activate at bootstrap/compiled_method.rb:52
                             Compile.execute at core/compile.rb:22
                             main.__script__ at core/__loader.rb:58
</td>
      </tr>
      
      <tr>
        <td>spec/mocks/argument_expectation</td>
        <td>An exception has occured:
    Unknown type 'cvdecl', [:@@constraint_classes, [:iter, [:call, [:const, :Hash], :new, [:array]], [:masgn, [:array, [:lasgn, :hash, 2], [:lasgn, :key, 3]], nil, nil], [:block, [:newline, 75, &quot;/home/mae/projects/rubinius/externals/rspec-0.7.5/lib/spec/mocks/argument_expectation.rb&quot;, [:const, :LiteralArgConstraint]]]]] (RuntimeError)

Backtrace:
         Bytecode::Compiler::Processor#raise at bootstrap/04kernel.rb:23
       Bytecode::Compiler::Processor#process at sexp/simple_processor.rb:58
    Bytecode::Compiler::Processor#process_newline at bytecode/compiler.rb:1478
                     CompiledMethod#activate at bootstrap/compiled_method.rb:52
                                 Method#call at bootstrap/compiled_method.rb:99
    Bytecode::Compiler::Processor#send (__send__) at bootstrap/core.rb:87
       Bytecode::Compiler::Processor#process at sexp/simple_processor.rb:56
    Bytecode::Compiler::Processor#process_block at bytecode/compiler.rb:372
                     CompiledMethod#activate at bootstrap/compiled_method.rb:52
                                 Method#call at bootstrap/compiled_method.rb:99
    Bytecode::Compiler::Processor#send (__send__) at bootstrap/core.rb:87
       Bytecode::Compiler::Processor#process at sexp/simple_processor.rb:56
    Bytecode::Compiler::Processor#process_scope at bytecode/compiler.rb:383
                     CompiledMethod#activate at bootstrap/compiled_method.rb:52
                                 Method#call at bootstrap/compiled_method.rb:99
    Bytecode::Compiler::Processor#send (__send__) at bootstrap/core.rb:87
       Bytecode::Compiler::Processor#process at sexp/simple_processor.rb:56
                  Bytecode::Compiler#compile at bytecode/compiler.rb:136
        Bytecode::Compiler#compile_as_method at bytecode/compiler.rb:150
    Bytecode::Compiler::Processor#process_class at bytecode/compiler.rb:760
                       BlockEnvironment#call at bootstrap/context.rb:96
            Bytecode::Compiler#as_class_body at bytecode/compiler.rb:79
    Bytecode::Compiler::Processor#process_class at bytecode/compiler.rb:760
                     CompiledMethod#activate at bootstrap/compiled_method.rb:52
                                 Method#call at bootstrap/compiled_method.rb:99
    Bytecode::Compiler::Processor#send (__send__) at bootstrap/core.rb:87
       Bytecode::Compiler::Processor#process at sexp/simple_processor.rb:56
    Bytecode::Compiler::Processor#process_newline at bytecode/compiler.rb:1478
                     CompiledMethod#activate at bootstrap/compiled_method.rb:52
                                 Method#call at bootstrap/compiled_method.rb:99
    Bytecode::Compiler::Processor#send (__send__) at bootstrap/core.rb:87
       Bytecode::Compiler::Processor#process at sexp/simple_processor.rb:56
    Bytecode::Compiler::Processor#process_block at bytecode/compiler.rb:372
                     CompiledMethod#activate at bootstrap/compiled_method.rb:52
                                 Method#call at bootstrap/compiled_method.rb:99
    Bytecode::Compiler::Processor#send (__send__) at bootstrap/core.rb:87
       Bytecode::Compiler::Processor#process at sexp/simple_processor.rb:56
    Bytecode::Compiler::Processor#process_scope at bytecode/compiler.rb:383
                     CompiledMethod#activate at bootstrap/compiled_method.rb:52
                                 Method#call at bootstrap/compiled_method.rb:99
    Bytecode::Compiler::Processor#send (__send__) at bootstrap/core.rb:87
       Bytecode::Compiler::Processor#process at sexp/simple_processor.rb:56
                  Bytecode::Compiler#compile at bytecode/compiler.rb:136
        Bytecode::Compiler#compile_as_method at bytecode/compiler.rb:150
    Bytecode::Compiler::Processor#process_module at bytecode/compiler.rb:802
                       BlockEnvironment#call at bootstrap/context.rb:96
           Bytecode::Compiler#as_module_body at bytecode/compiler.rb:93
    Bytecode::Compiler::Processor#process_module at bytecode/compiler.rb:802
                     CompiledMethod#activate at bootstrap/compiled_method.rb:52
                                 Method#call at bootstrap/compiled_method.rb:99
    Bytecode::Compiler::Processor#send (__send__) at bootstrap/core.rb:87
       Bytecode::Compiler::Processor#process at sexp/simple_processor.rb:56
    Bytecode::Compiler::Processor#process_newline at bytecode/compiler.rb:1478
                     CompiledMethod#activate at bootstrap/compiled_method.rb:52
                                 Method#call at bootstrap/compiled_method.rb:99
    Bytecode::Compiler::Processor#send (__send__) at bootstrap/core.rb:87
       Bytecode::Compiler::Processor#process at sexp/simple_processor.rb:56
    Bytecode::Compiler::Processor#process_block at bytecode/compiler.rb:372
                     CompiledMethod#activate at bootstrap/compiled_method.rb:52
                                 Method#call at bootstrap/compiled_method.rb:99
    Bytecode::Compiler::Processor#send (__send__) at bootstrap/core.rb:87
       Bytecode::Compiler::Processor#process at sexp/simple_processor.rb:56
    Bytecode::Compiler::Processor#process_scope at bytecode/compiler.rb:383
                     CompiledMethod#activate at bootstrap/compiled_method.rb:52
                                 Method#call at bootstrap/compiled_method.rb:99
    Bytecode::Compiler::Processor#send (__send__) at bootstrap/core.rb:87
       Bytecode::Compiler::Processor#process at sexp/simple_processor.rb:56
                  Bytecode::Compiler#compile at bytecode/compiler.rb:136
        Bytecode::Compiler#compile_as_method at bytecode/compiler.rb:150
    Bytecode::Compiler::Processor#process_module at bytecode/compiler.rb:802
                       BlockEnvironment#call at bootstrap/context.rb:96
           Bytecode::Compiler#as_module_body at bytecode/compiler.rb:93
    Bytecode::Compiler::Processor#process_module at bytecode/compiler.rb:802
                     CompiledMethod#activate at bootstrap/compiled_method.rb:52
                                 Method#call at bootstrap/compiled_method.rb:99
    Bytecode::Compiler::Processor#send (__send__) at bootstrap/core.rb:87
       Bytecode::Compiler::Processor#process at sexp/simple_processor.rb:56
    Bytecode::Compiler::Processor#process_newline at bytecode/compiler.rb:1478
                     CompiledMethod#activate at bootstrap/compiled_method.rb:52
                                 Method#call at bootstrap/compiled_method.rb:99
    Bytecode::Compiler::Processor#send (__send__) at bootstrap/core.rb:87
       Bytecode::Compiler::Processor#process at sexp/simple_processor.rb:56
                  Bytecode::Compiler#compile at bytecode/compiler.rb:136
        Bytecode::Compiler#compile_as_script at bytecode/compiler.rb:161
                        Compile.compile_file at core/compile.rb:6
                                   main.load at core/compile.rb:52
                                main.require at core/compile.rb:87
                       BlockEnvironment#call at bootstrap/context.rb:94
                                  Array#each at bootstrap/array.rb:24
                                main.require at core/compile.rb:87
                       BlockEnvironment#call at bootstrap/context.rb:94
                                  Array#each at bootstrap/array.rb:24
                                main.require at core/compile.rb:87
                        main.__eval_script__ at (eval):1
                     CompiledMethod#activate at bootstrap/compiled_method.rb:52
                             Compile.execute at core/compile.rb:22
                             main.__script__ at core/__loader.rb:58
Unknown arg_count 0 encountered while processing args.
</td>
      </tr>
      
      <tr>
        <td>spec/mocks/mock</td>
        <td>An exception has occured:
    Unknown set argument '~' (RuntimeError)

Backtrace:
                   Bytecode::Assembler#raise at bootstrap/04kernel.rb:20
               Bytecode::Assembler#parse_set at bytecode/assembler.rb:391
         Bytecode::Assembler#parse_operation at bytecode/assembler.rb:408
              Bytecode::Assembler#parse_line at bytecode/assembler.rb:222
                Bytecode::Assembler#assemble at bytecode/assembler.rb:94
                       BlockEnvironment#call at bootstrap/context.rb:94
                                  Array#each at bootstrap/array.rb:24
                Bytecode::Assembler#assemble at bytecode/assembler.rb:94
      Bytecode::MethodDescription#to_cmethod at bytecode/rubinius.rb:16
    Bytecode::MethodDescription#encode_literals at bytecode/rubinius.rb:87
                       BlockEnvironment#call at bootstrap/context.rb:94
                                  Array#each at bootstrap/array.rb:24
    Bytecode::MethodDescription#encode_literals at bytecode/rubinius.rb:90
      Bytecode::MethodDescription#to_cmethod at bytecode/rubinius.rb:44
    Bytecode::MethodDescription#encode_literals at bytecode/rubinius.rb:87
                       BlockEnvironment#call at bootstrap/context.rb:94
                                  Array#each at bootstrap/array.rb:24
    Bytecode::MethodDescription#encode_literals at bytecode/rubinius.rb:90
      Bytecode::MethodDescription#to_cmethod at bytecode/rubinius.rb:44
    Bytecode::MethodDescription#encode_literals at bytecode/rubinius.rb:87
                       BlockEnvironment#call at bootstrap/context.rb:94
                                  Array#each at bootstrap/array.rb:24
    Bytecode::MethodDescription#encode_literals at bytecode/rubinius.rb:90
      Bytecode::MethodDescription#to_cmethod at bytecode/rubinius.rb:44
    Bytecode::MethodDescription#encode_literals at bytecode/rubinius.rb:87
                       BlockEnvironment#call at bootstrap/context.rb:94
                                  Array#each at bootstrap/array.rb:24
    Bytecode::MethodDescription#encode_literals at bytecode/rubinius.rb:90
      Bytecode::MethodDescription#to_cmethod at bytecode/rubinius.rb:44
                        Compile.compile_file at core/compile.rb:8
                                   main.load at core/compile.rb:52
                                main.require at core/compile.rb:87
                       BlockEnvironment#call at bootstrap/context.rb:94
                                  Array#each at bootstrap/array.rb:24
                                main.require at core/compile.rb:87
                       BlockEnvironment#call at bootstrap/context.rb:94
                                  Array#each at bootstrap/array.rb:24
                                main.require at core/compile.rb:87
                        main.__eval_script__ at (eval):1
                     CompiledMethod#activate at bootstrap/compiled_method.rb:52
                             Compile.execute at core/compile.rb:22
                             main.__script__ at core/__loader.rb:58
</td>
      </tr>
      
      <tr>
        <td>spec/mocks/mock_methods</td>
        <td>An exception has occured:
    Unknown set argument '~' (RuntimeError)

Backtrace:
                   Bytecode::Assembler#raise at bootstrap/04kernel.rb:20
               Bytecode::Assembler#parse_set at bytecode/assembler.rb:391
         Bytecode::Assembler#parse_operation at bytecode/assembler.rb:408
              Bytecode::Assembler#parse_line at bytecode/assembler.rb:222
                Bytecode::Assembler#assemble at bytecode/assembler.rb:94
                       BlockEnvironment#call at bootstrap/context.rb:94
                                  Array#each at bootstrap/array.rb:24
                Bytecode::Assembler#assemble at bytecode/assembler.rb:94
      Bytecode::MethodDescription#to_cmethod at bytecode/rubinius.rb:16
    Bytecode::MethodDescription#encode_literals at bytecode/rubinius.rb:87
                       BlockEnvironment#call at bootstrap/context.rb:94
                                  Array#each at bootstrap/array.rb:24
    Bytecode::MethodDescription#encode_literals at bytecode/rubinius.rb:90
      Bytecode::MethodDescription#to_cmethod at bytecode/rubinius.rb:44
    Bytecode::MethodDescription#encode_literals at bytecode/rubinius.rb:87
                       BlockEnvironment#call at bootstrap/context.rb:94
                                  Array#each at bootstrap/array.rb:24
    Bytecode::MethodDescription#encode_literals at bytecode/rubinius.rb:90
      Bytecode::MethodDescription#to_cmethod at bytecode/rubinius.rb:44
    Bytecode::MethodDescription#encode_literals at bytecode/rubinius.rb:87
                       BlockEnvironment#call at bootstrap/context.rb:94
                                  Array#each at bootstrap/array.rb:24
    Bytecode::MethodDescription#encode_literals at bytecode/rubinius.rb:90
      Bytecode::MethodDescription#to_cmethod at bytecode/rubinius.rb:44
    Bytecode::MethodDescription#encode_literals at bytecode/rubinius.rb:87
                       BlockEnvironment#call at bootstrap/context.rb:94
                                  Array#each at bootstrap/array.rb:24
    Bytecode::MethodDescription#encode_literals at bytecode/rubinius.rb:90
      Bytecode::MethodDescription#to_cmethod at bytecode/rubinius.rb:44
                        Compile.compile_file at core/compile.rb:8
                                   main.load at core/compile.rb:52
                                main.require at core/compile.rb:87
                       BlockEnvironment#call at bootstrap/context.rb:94
                                  Array#each at bootstrap/array.rb:24
                                main.require at core/compile.rb:87
                       BlockEnvironment#call at bootstrap/context.rb:94
                                  Array#each at bootstrap/array.rb:24
                                main.require at core/compile.rb:87
                        main.__eval_script__ at (eval):1
                     CompiledMethod#activate at bootstrap/compiled_method.rb:52
                             Compile.execute at core/compile.rb:22
                             main.__script__ at core/__loader.rb:58
</td>
      </tr>
      
      <tr>
        <td>spec/mocks/mock_handler</td>
        <td>Timed out (infinite loop?)</td>
      </tr>
      
      <tr>
        <td>spec/mocks/extensions/object</td>
        <td>sh: Syntax error: &quot;(&quot; unexpected
Couldn't find constant Spec.

An error has occured: Segmentation fault (SIGSEGV)

C backtrace:
 0x8052ac3 &lt;cpu_const_get&gt; at /home/mae/projects/rubinius/shotgun/lib/cpu.c:317
 0x8057f6d &lt;cpu_run&gt; at /home/mae/projects/rubinius/shotgun/lib/instructions.gen:172
 0x804ad66 &lt;machine_run&gt; at /home/mae/projects/rubinius/shotgun/lib/machine.c:412
 0x804b36d &lt;machine_load_archive&gt; at /home/mae/projects/rubinius/shotgun/lib/machine.c:541
 0x804a30a &lt;main&gt; at /home/mae/projects/rubinius/shotgun/main.c:82
0xb7de68c8 &lt;??&gt; at ??:0
 0x8049ffd &lt;_start&gt; at ??:0
     (nil) &lt;&gt; at 

Ruby backtrace:
0xb7c9ab04 Class#__class_init__+0 in externals/rspec-0.7.5/lib/spec/mocks/extensions/object.rb
0xb7c9aa9c Class#__script__+24 in externals/rspec-0.7.5/lib/spec/mocks/extensions/object.rb
0xb7c99ed8 Kernel#load+191 in core/compile.rb
Skipping Block Context
0xb7c95d80 BlockEnvironment#call+91 in bootstrap/context.rb
0xb7c95ca8 Array#each+72 in bootstrap/array.rb
Skipping Block Context
0xb7c95af0 BlockEnvironment#call+91 in bootstrap/context.rb
0xb7c95a18 Array#each+72 in bootstrap/array.rb
0xb7c9525c Kernel#require+479 in core/compile.rb
0xb7c94fd8 Class#__eval_script__+52 in (eval)
0xb7c94e1c CompiledMethod#activate+79 in bootstrap/compiled_method.rb
0xb7ab4530 Class#execute+59 in core/compile.rb
0xb7bae000 Class#__script__+412 in core/__loader.rb

Ruby stack:
  87    &lt;Array:0xb7b8d3f4&gt;
  88    &lt;CompiledMethod:0xb7c9a438&gt;
  89    &lt;NilClass:0x4&gt;
  90    &lt;NilClass:0x4&gt;
  91    &lt;TrueClass:0x2&gt;
  92 =&gt; Object
  93    &lt;NilClass:0x4&gt;
  94    Object
  95    &lt;String:0xb7c9a228&gt;.rbc
  96    &lt;Fixnum:0x2d&gt;

VM Registers:
IP: 0012     SP: 0092
AC: 0000     AR: 0000
Exception: &lt;NilClass:0x4&gt;
</td>
      </tr>
      
      <tr>
        <td>spec/mocks/error_generator</td>
        <td>An exception has occured:
    Unknown set argument '~' (RuntimeError)

Backtrace:
                   Bytecode::Assembler#raise at bootstrap/04kernel.rb:20
               Bytecode::Assembler#parse_set at bytecode/assembler.rb:391
         Bytecode::Assembler#parse_operation at bytecode/assembler.rb:408
              Bytecode::Assembler#parse_line at bytecode/assembler.rb:222
                Bytecode::Assembler#assemble at bytecode/assembler.rb:94
                       BlockEnvironment#call at bootstrap/context.rb:94
                                  Array#each at bootstrap/array.rb:24
                Bytecode::Assembler#assemble at bytecode/assembler.rb:94
      Bytecode::MethodDescription#to_cmethod at bytecode/rubinius.rb:16
    Bytecode::MethodDescription#encode_literals at bytecode/rubinius.rb:87
                       BlockEnvironment#call at bootstrap/context.rb:94
                                  Array#each at bootstrap/array.rb:24
    Bytecode::MethodDescription#encode_literals at bytecode/rubinius.rb:90
      Bytecode::MethodDescription#to_cmethod at bytecode/rubinius.rb:44
    Bytecode::MethodDescription#encode_literals at bytecode/rubinius.rb:87
                       BlockEnvironment#call at bootstrap/context.rb:94
                                  Array#each at bootstrap/array.rb:24
    Bytecode::MethodDescription#encode_literals at bytecode/rubinius.rb:90
      Bytecode::MethodDescription#to_cmethod at bytecode/rubinius.rb:44
    Bytecode::MethodDescription#encode_literals at bytecode/rubinius.rb:87
                       BlockEnvironment#call at bootstrap/context.rb:94
                                  Array#each at bootstrap/array.rb:24
    Bytecode::MethodDescription#encode_literals at bytecode/rubinius.rb:90
      Bytecode::MethodDescription#to_cmethod at bytecode/rubinius.rb:44
    Bytecode::MethodDescription#encode_literals at bytecode/rubinius.rb:87
                       BlockEnvironment#call at bootstrap/context.rb:94
                                  Array#each at bootstrap/array.rb:24
    Bytecode::MethodDescription#encode_literals at bytecode/rubinius.rb:90
      Bytecode::MethodDescription#to_cmethod at bytecode/rubinius.rb:44
                        Compile.compile_file at core/compile.rb:8
                                   main.load at core/compile.rb:52
                                main.require at core/compile.rb:87
                       BlockEnvironment#call at bootstrap/context.rb:94
                                  Array#each at bootstrap/array.rb:24
                                main.require at core/compile.rb:87
                       BlockEnvironment#call at bootstrap/context.rb:94
                                  Array#each at bootstrap/array.rb:24
                                main.require at core/compile.rb:87
                        main.__eval_script__ at (eval):1
                     CompiledMethod#activate at bootstrap/compiled_method.rb:52
                             Compile.execute at core/compile.rb:22
                             main.__script__ at core/__loader.rb:58
Unknown arg_count 0 encountered while processing args.
Unknown arg_count 0 encountered while processing args.
Unknown arg_count 0 encountered while processing args.
</td>
      </tr>
      
      <tr>
        <td>spec/mocks/errors</td>
        <td>sh: Syntax error: &quot;(&quot; unexpected
Couldn't find constant Expectations.

An error has occured: Segmentation fault (SIGSEGV)

C backtrace:
 0x8052ac3 &lt;cpu_const_get&gt; at /home/mae/projects/rubinius/shotgun/lib/cpu.c:317
 0x8057f6d &lt;cpu_run&gt; at /home/mae/projects/rubinius/shotgun/lib/instructions.gen:172
 0x804ad66 &lt;machine_run&gt; at /home/mae/projects/rubinius/shotgun/lib/machine.c:412
 0x804b36d &lt;machine_load_archive&gt; at /home/mae/projects/rubinius/shotgun/lib/machine.c:541
 0x804a30a &lt;main&gt; at /home/mae/projects/rubinius/shotgun/main.c:82
0xb7cf48c8 &lt;??&gt; at ??:0
 0x8049ffd &lt;_start&gt; at ??:0
     (nil) &lt;&gt; at 

Ruby backtrace:
0xb7baabfc Class#__module_init__+0 in externals/rspec-0.7.5/lib/spec/mocks/errors.rb
0xb7baa62c Class#__module_init__+25 in externals/rspec-0.7.5/lib/spec/mocks/errors.rb
0xb7baa05c Class#__script__+23 in externals/rspec-0.7.5/lib/spec/mocks/errors.rb
0xb7ba7c34 Kernel#load+191 in core/compile.rb
Skipping Block Context
0xb7ba3ae8 BlockEnvironment#call+91 in bootstrap/context.rb
0xb7ba3a10 Array#each+72 in bootstrap/array.rb
Skipping Block Context
0xb7ba3858 BlockEnvironment#call+91 in bootstrap/context.rb
0xb7ba3780 Array#each+72 in bootstrap/array.rb
0xb7ba2fc0 Kernel#require+479 in core/compile.rb
0xb7ba2d48 Class#__eval_script__+52 in (eval)
0xb7ba2b8c CompiledMethod#activate+79 in bootstrap/compiled_method.rb
0xb79c251c Class#execute+59 in core/compile.rb
0xb7abc00c Class#__script__+412 in core/__loader.rb

Ruby stack:
  88    &lt;CompiledMethod:0xb7ba8194&gt;
  89    &lt;NilClass:0x4&gt;
  90    &lt;NilClass:0x4&gt;
  91    &lt;TrueClass:0x2&gt;
  92    &lt;Module:0xb7baa0c4&gt;
  93 =&gt; &lt;Module:0xb7baa694&gt;
  94    &lt;NilClass:0x4&gt;
  95    &lt;Module:0xb7baa694&gt;
  96    &lt;Fixnum:0x2d&gt;
  97    &lt;NilClass:0x4&gt;

VM Registers:
IP: 0012     SP: 0093
AC: 0000     AR: 0000
Exception: &lt;NilClass:0x4&gt;
</td>
      </tr>
      
      <tr>
        <td>spec/mocks</td>
        <td>An exception has occured:
    Unknown set argument '~' (RuntimeError)

Backtrace:
                   Bytecode::Assembler#raise at bootstrap/04kernel.rb:20
               Bytecode::Assembler#parse_set at bytecode/assembler.rb:391
         Bytecode::Assembler#parse_operation at bytecode/assembler.rb:408
              Bytecode::Assembler#parse_line at bytecode/assembler.rb:222
                Bytecode::Assembler#assemble at bytecode/assembler.rb:94
                       BlockEnvironment#call at bootstrap/context.rb:94
                                  Array#each at bootstrap/array.rb:24
                Bytecode::Assembler#assemble at bytecode/assembler.rb:94
      Bytecode::MethodDescription#to_cmethod at bytecode/rubinius.rb:16
    Bytecode::MethodDescription#encode_literals at bytecode/rubinius.rb:87
                       BlockEnvironment#call at bootstrap/context.rb:94
                                  Array#each at bootstrap/array.rb:24
    Bytecode::MethodDescription#encode_literals at bytecode/rubinius.rb:90
      Bytecode::MethodDescription#to_cmethod at bytecode/rubinius.rb:44
    Bytecode::MethodDescription#encode_literals at bytecode/rubinius.rb:87
                       BlockEnvironment#call at bootstrap/context.rb:94
                                  Array#each at bootstrap/array.rb:24
    Bytecode::MethodDescription#encode_literals at bytecode/rubinius.rb:90
      Bytecode::MethodDescription#to_cmethod at bytecode/rubinius.rb:44
    Bytecode::MethodDescription#encode_literals at bytecode/rubinius.rb:87
                       BlockEnvironment#call at bootstrap/context.rb:94
                                  Array#each at bootstrap/array.rb:24
    Bytecode::MethodDescription#encode_literals at bytecode/rubinius.rb:90
      Bytecode::MethodDescription#to_cmethod at bytecode/rubinius.rb:44
    Bytecode::MethodDescription#encode_literals at bytecode/rubinius.rb:87
                       BlockEnvironment#call at bootstrap/context.rb:94
                                  Array#each at bootstrap/array.rb:24
    Bytecode::MethodDescription#encode_literals at bytecode/rubinius.rb:90
      Bytecode::MethodDescription#to_cmethod at bytecode/rubinius.rb:44
                        Compile.compile_file at core/compile.rb:8
                                   main.load at core/compile.rb:52
                                main.require at core/compile.rb:87
                       BlockEnvironment#call at bootstrap/context.rb:94
                                  Array#each at bootstrap/array.rb:24
                                main.require at core/compile.rb:87
                       BlockEnvironment#call at bootstrap/context.rb:94
                                  Array#each at bootstrap/array.rb:24
                                main.require at core/compile.rb:87
                             main.__script__ at externals/rspec-0.7.5/lib/spec/mocks.rb:1
                                   main.load at core/compile.rb:43
                                main.require at core/compile.rb:87
                       BlockEnvironment#call at bootstrap/context.rb:94
                                  Array#each at bootstrap/array.rb:24
                                main.require at core/compile.rb:87
                       BlockEnvironment#call at bootstrap/context.rb:94
                                  Array#each at bootstrap/array.rb:24
                                main.require at core/compile.rb:87
                        main.__eval_script__ at (eval):1
                     CompiledMethod#activate at bootstrap/compiled_method.rb:52
                             Compile.execute at core/compile.rb:22
                             main.__script__ at core/__loader.rb:58
</td>
      </tr>
      
      <tr>
        <td>spec/callback/callback_container</td>
        <td>An exception has occured:
    Unknown set argument '~' (RuntimeError)

Backtrace:
                   Bytecode::Assembler#raise at bootstrap/04kernel.rb:20
               Bytecode::Assembler#parse_set at bytecode/assembler.rb:391
         Bytecode::Assembler#parse_operation at bytecode/assembler.rb:408
              Bytecode::Assembler#parse_line at bytecode/assembler.rb:222
                Bytecode::Assembler#assemble at bytecode/assembler.rb:94
                       BlockEnvironment#call at bootstrap/context.rb:94
                                  Array#each at bootstrap/array.rb:24
                Bytecode::Assembler#assemble at bytecode/assembler.rb:94
      Bytecode::MethodDescription#to_cmethod at bytecode/rubinius.rb:16
    Bytecode::MethodDescription#encode_literals at bytecode/rubinius.rb:87
                       BlockEnvironment#call at bootstrap/context.rb:94
                                  Array#each at bootstrap/array.rb:24
    Bytecode::MethodDescription#encode_literals at bytecode/rubinius.rb:90
      Bytecode::MethodDescription#to_cmethod at bytecode/rubinius.rb:44
    Bytecode::MethodDescription#encode_literals at bytecode/rubinius.rb:87
                       BlockEnvironment#call at bootstrap/context.rb:94
                                  Array#each at bootstrap/array.rb:24
    Bytecode::MethodDescription#encode_literals at bytecode/rubinius.rb:90
      Bytecode::MethodDescription#to_cmethod at bytecode/rubinius.rb:44
    Bytecode::MethodDescription#encode_literals at bytecode/rubinius.rb:87
                       BlockEnvironment#call at bootstrap/context.rb:94
                                  Array#each at bootstrap/array.rb:24
    Bytecode::MethodDescription#encode_literals at bytecode/rubinius.rb:90
      Bytecode::MethodDescription#to_cmethod at bytecode/rubinius.rb:44
                        Compile.compile_file at core/compile.rb:8
                                   main.load at core/compile.rb:52
                                main.require at core/compile.rb:87
                       BlockEnvironment#call at bootstrap/context.rb:94
                                  Array#each at bootstrap/array.rb:24
                                main.require at core/compile.rb:87
                       BlockEnvironment#call at bootstrap/context.rb:94
                                  Array#each at bootstrap/array.rb:24
                                main.require at core/compile.rb:87
                        main.__eval_script__ at (eval):1
                     CompiledMethod#activate at bootstrap/compiled_method.rb:52
                             Compile.execute at core/compile.rb:22
                             main.__script__ at core/__loader.rb:58
</td>
      </tr>
      
      <tr>
        <td>spec/callback/extensions/module</td>
        <td>An exception has occured:
    No method 'private' on an instance of Module. (NoMethodError)

Backtrace:
    ModuleMethods.private (method_missing) at bootstrap/method_missing.rb:8
             ModuleMethods.__module_init__ at externals/rspec-0.7.5/lib/spec/callback/extensions/module.rb:11
                  Callback.__module_init__ at externals/rspec-0.7.5/lib/spec/callback/extensions/module.rb:2
                           main.__script__ at externals/rspec-0.7.5/lib/spec/callback/extensions/module.rb:1
                                 main.load at core/compile.rb:43
                              main.require at core/compile.rb:87
                     BlockEnvironment#call at bootstrap/context.rb:94
                                Array#each at bootstrap/array.rb:24
                              main.require at core/compile.rb:87
                     BlockEnvironment#call at bootstrap/context.rb:94
                                Array#each at bootstrap/array.rb:24
                              main.require at core/compile.rb:87
                      main.__eval_script__ at (eval):1
                   CompiledMethod#activate at bootstrap/compiled_method.rb:52
                           Compile.execute at core/compile.rb:22
                           main.__script__ at core/__loader.rb:58
</td>
      </tr>
      
      <tr>
        <td>spec/callback/extensions/object</td>
        <td>An exception has occured:
    Unknown set argument '~' (RuntimeError)

Backtrace:
                   Bytecode::Assembler#raise at bootstrap/04kernel.rb:20
               Bytecode::Assembler#parse_set at bytecode/assembler.rb:391
         Bytecode::Assembler#parse_operation at bytecode/assembler.rb:408
              Bytecode::Assembler#parse_line at bytecode/assembler.rb:222
                Bytecode::Assembler#assemble at bytecode/assembler.rb:94
                       BlockEnvironment#call at bootstrap/context.rb:94
                                  Array#each at bootstrap/array.rb:24
                Bytecode::Assembler#assemble at bytecode/assembler.rb:94
      Bytecode::MethodDescription#to_cmethod at bytecode/rubinius.rb:16
    Bytecode::MethodDescription#encode_literals at bytecode/rubinius.rb:87
                       BlockEnvironment#call at bootstrap/context.rb:94
                                  Array#each at bootstrap/array.rb:24
    Bytecode::MethodDescription#encode_literals at bytecode/rubinius.rb:90
      Bytecode::MethodDescription#to_cmethod at bytecode/rubinius.rb:44
    Bytecode::MethodDescription#encode_literals at bytecode/rubinius.rb:87
                       BlockEnvironment#call at bootstrap/context.rb:94
                                  Array#each at bootstrap/array.rb:24
    Bytecode::MethodDescription#encode_literals at bytecode/rubinius.rb:90
      Bytecode::MethodDescription#to_cmethod at bytecode/rubinius.rb:44
    Bytecode::MethodDescription#encode_literals at bytecode/rubinius.rb:87
                       BlockEnvironment#call at bootstrap/context.rb:94
                                  Array#each at bootstrap/array.rb:24
    Bytecode::MethodDescription#encode_literals at bytecode/rubinius.rb:90
      Bytecode::MethodDescription#to_cmethod at bytecode/rubinius.rb:44
                        Compile.compile_file at core/compile.rb:8
                                   main.load at core/compile.rb:52
                                main.require at core/compile.rb:87
                       BlockEnvironment#call at bootstrap/context.rb:94
                                  Array#each at bootstrap/array.rb:24
                                main.require at core/compile.rb:87
                       BlockEnvironment#call at bootstrap/context.rb:94
                                  Array#each at bootstrap/array.rb:24
                                main.require at core/compile.rb:87
                        main.__eval_script__ at (eval):1
                     CompiledMethod#activate at bootstrap/compiled_method.rb:52
                             Compile.execute at core/compile.rb:22
                             main.__script__ at core/__loader.rb:58
</td>
      </tr>
      
      <tr>
        <td>spec/callback</td>
        <td>An exception has occured:
    Unknown set argument '~' (RuntimeError)

Backtrace:
                   Bytecode::Assembler#raise at bootstrap/04kernel.rb:20
               Bytecode::Assembler#parse_set at bytecode/assembler.rb:391
         Bytecode::Assembler#parse_operation at bytecode/assembler.rb:408
              Bytecode::Assembler#parse_line at bytecode/assembler.rb:222
                Bytecode::Assembler#assemble at bytecode/assembler.rb:94
                       BlockEnvironment#call at bootstrap/context.rb:94
                                  Array#each at bootstrap/array.rb:24
                Bytecode::Assembler#assemble at bytecode/assembler.rb:94
      Bytecode::MethodDescription#to_cmethod at bytecode/rubinius.rb:16
    Bytecode::MethodDescription#encode_literals at bytecode/rubinius.rb:87
                       BlockEnvironment#call at bootstrap/context.rb:94
                                  Array#each at bootstrap/array.rb:24
    Bytecode::MethodDescription#encode_literals at bytecode/rubinius.rb:90
      Bytecode::MethodDescription#to_cmethod at bytecode/rubinius.rb:44
    Bytecode::MethodDescription#encode_literals at bytecode/rubinius.rb:87
                       BlockEnvironment#call at bootstrap/context.rb:94
                                  Array#each at bootstrap/array.rb:24
    Bytecode::MethodDescription#encode_literals at bytecode/rubinius.rb:90
      Bytecode::MethodDescription#to_cmethod at bytecode/rubinius.rb:44
    Bytecode::MethodDescription#encode_literals at bytecode/rubinius.rb:87
                       BlockEnvironment#call at bootstrap/context.rb:94
                                  Array#each at bootstrap/array.rb:24
    Bytecode::MethodDescription#encode_literals at bytecode/rubinius.rb:90
      Bytecode::MethodDescription#to_cmethod at bytecode/rubinius.rb:44
                        Compile.compile_file at core/compile.rb:8
                                   main.load at core/compile.rb:52
                                main.require at core/compile.rb:87
                       BlockEnvironment#call at bootstrap/context.rb:94
                                  Array#each at bootstrap/array.rb:24
                                main.require at core/compile.rb:87
                       BlockEnvironment#call at bootstrap/context.rb:94
                                  Array#each at bootstrap/array.rb:24
                                main.require at core/compile.rb:87
                             main.__script__ at externals/rspec-0.7.5/lib/spec/callback.rb:1
                                   main.load at core/compile.rb:43
                                main.require at core/compile.rb:87
                       BlockEnvironment#call at bootstrap/context.rb:94
                                  Array#each at bootstrap/array.rb:24
                                main.require at core/compile.rb:87
                       BlockEnvironment#call at bootstrap/context.rb:94
                                  Array#each at bootstrap/array.rb:24
                                main.require at core/compile.rb:87
                        main.__eval_script__ at (eval):1
                     CompiledMethod#activate at bootstrap/compiled_method.rb:52
                             Compile.execute at core/compile.rb:22
                             main.__script__ at core/__loader.rb:58
</td>
      </tr>
      
      <tr>
        <td>spec/runner</td>
        <td>An exception has occured:
    No method 'protected' on an instance of Class. (NoMethodError)

Backtrace:
    Formatter::BaseTextFormatter.protected (method_missing) at bootstrap/method_missing.rb:8
    Formatter::BaseTextFormatter.__class_init__ at externals/rspec-0.7.5/lib/spec/runner/formatter/base_text_formatter.rb:92
                   Formatter.__module_init__ at externals/rspec-0.7.5/lib/spec/runner/formatter/base_text_formatter.rb:7
                      Runner.__module_init__ at externals/rspec-0.7.5/lib/spec/runner/formatter/base_text_formatter.rb:3
                        Spec.__module_init__ at externals/rspec-0.7.5/lib/spec/runner/formatter/base_text_formatter.rb:2
                             main.__script__ at externals/rspec-0.7.5/lib/spec/runner/formatter/base_text_formatter.rb:1
                                   main.load at core/compile.rb:43
                                main.require at core/compile.rb:87
                       BlockEnvironment#call at bootstrap/context.rb:94
                                  Array#each at bootstrap/array.rb:24
                                main.require at core/compile.rb:87
                       BlockEnvironment#call at bootstrap/context.rb:94
                                  Array#each at bootstrap/array.rb:24
                                main.require at core/compile.rb:87
                             main.__script__ at externals/rspec-0.7.5/lib/spec/runner/formatter.rb:1
                                   main.load at core/compile.rb:43
                                main.require at core/compile.rb:87
                       BlockEnvironment#call at bootstrap/context.rb:94
                                  Array#each at bootstrap/array.rb:24
                                main.require at core/compile.rb:87
                       BlockEnvironment#call at bootstrap/context.rb:94
                                  Array#each at bootstrap/array.rb:24
                                main.require at core/compile.rb:87
                             main.__script__ at externals/rspec-0.7.5/lib/spec/runner.rb:1
                                   main.load at core/compile.rb:43
                                main.require at core/compile.rb:87
                       BlockEnvironment#call at bootstrap/context.rb:94
                                  Array#each at bootstrap/array.rb:24
                                main.require at core/compile.rb:87
                       BlockEnvironment#call at bootstrap/context.rb:94
                                  Array#each at bootstrap/array.rb:24
                                main.require at core/compile.rb:87
                        main.__eval_script__ at (eval):1
                     CompiledMethod#activate at bootstrap/compiled_method.rb:52
                             Compile.execute at core/compile.rb:22
                             main.__script__ at core/__loader.rb:58
</td>
      </tr>
      
      <tr>
        <td>spec/runner/option_parser</td>
        <td>An exception has occured:
    Unable to find 'ostruct' to load (LoadError)

Backtrace:
                 main.raise at bootstrap/04kernel.rb:23
               main.require at core/compile.rb:91
            main.__script__ at externals/rspec-0.7.5/lib/spec/runner/option_parser.rb:1
                  main.load at core/compile.rb:43
               main.require at core/compile.rb:87
      BlockEnvironment#call at bootstrap/context.rb:94
                 Array#each at bootstrap/array.rb:24
               main.require at core/compile.rb:87
      BlockEnvironment#call at bootstrap/context.rb:94
                 Array#each at bootstrap/array.rb:24
               main.require at core/compile.rb:87
       main.__eval_script__ at (eval):1
    CompiledMethod#activate at bootstrap/compiled_method.rb:52
            Compile.execute at core/compile.rb:22
            main.__script__ at core/__loader.rb:58
Couldn't find ostruct.rbc in runtime/compiler.rba (No such file/-1)
Couldn't find ostruct.rb in runtime/compiler.rba (No such file/-1)
</td>
      </tr>
      
      <tr>
        <td>spec/runner/backtrace_tweaker</td>
        <td>An exception has occured:
    Unknown type 'dregx', [&quot;&quot;, [:evstr, [:lvar, :subpath, 5]]] (RuntimeError)

Backtrace:
         Bytecode::Compiler::Processor#raise at bootstrap/04kernel.rb:23
       Bytecode::Compiler::Processor#process at sexp/simple_processor.rb:58
    Bytecode::Compiler::Processor#process_newline at bytecode/compiler.rb:1478
                     CompiledMethod#activate at bootstrap/compiled_method.rb:52
                                 Method#call at bootstrap/compiled_method.rb:99
    Bytecode::Compiler::Processor#send (__send__) at bootstrap/core.rb:87
       Bytecode::Compiler::Processor#process at sexp/simple_processor.rb:56
    Bytecode::Compiler::Processor#process_block at bytecode/compiler.rb:372
                     CompiledMethod#activate at bootstrap/compiled_method.rb:52
                                 Method#call at bootstrap/compiled_method.rb:99
    Bytecode::Compiler::Processor#send (__send__) at bootstrap/core.rb:87
       Bytecode::Compiler::Processor#process at sexp/simple_processor.rb:56
    Bytecode::Compiler::Processor#process_block_iter at bytecode/compiler.rb:1396
                     CompiledMethod#activate at bootstrap/compiled_method.rb:52
                                 Method#call at bootstrap/compiled_method.rb:99
    Bytecode::Compiler::Processor#send (__send__) at bootstrap/core.rb:87
       Bytecode::Compiler::Processor#process at sexp/simple_processor.rb:56
    Bytecode::Compiler::Processor#process_call at bytecode/compiler.rb:1317
    Bytecode::Compiler::Processor#process_iter at bytecode/compiler.rb:1381
                     CompiledMethod#activate at bootstrap/compiled_method.rb:52
                                 Method#call at bootstrap/compiled_method.rb:99
    Bytecode::Compiler::Processor#send (__send__) at bootstrap/core.rb:87
       Bytecode::Compiler::Processor#process at sexp/simple_processor.rb:56
    Bytecode::Compiler::Processor#process_lasgn at bytecode/compiler.rb:532
                     CompiledMethod#activate at bootstrap/compiled_method.rb:52
                                 Method#call at bootstrap/compiled_method.rb:99
    Bytecode::Compiler::Processor#send (__send__) at bootstrap/core.rb:87
       Bytecode::Compiler::Processor#process at sexp/simple_processor.rb:56
    Bytecode::Compiler::Processor#process_newline at bytecode/compiler.rb:1478
                     CompiledMethod#activate at bootstrap/compiled_method.rb:52
                                 Method#call at bootstrap/compiled_method.rb:99
    Bytecode::Compiler::Processor#send (__send__) at bootstrap/core.rb:87
       Bytecode::Compiler::Processor#process at sexp/simple_processor.rb:56
    Bytecode::Compiler::Processor#process_block at bytecode/compiler.rb:372
                     CompiledMethod#activate at bootstrap/compiled_method.rb:52
                                 Method#call at bootstrap/compiled_method.rb:99
    Bytecode::Compiler::Processor#send (__send__) at bootstrap/core.rb:87
       Bytecode::Compiler::Processor#process at sexp/simple_processor.rb:56
    Bytecode::Compiler::Processor#process_if at bytecode/compiler.rb:355
                     CompiledMethod#activate at bootstrap/compiled_method.rb:52
                                 Method#call at bootstrap/compiled_method.rb:99
    Bytecode::Compiler::Processor#send (__send__) at bootstrap/core.rb:87
       Bytecode::Compiler::Processor#process at sexp/simple_processor.rb:56
    Bytecode::Compiler::Processor#process_newline at bytecode/compiler.rb:1478
                     CompiledMethod#activate at bootstrap/compiled_method.rb:52
                                 Method#call at bootstrap/compiled_method.rb:99
    Bytecode::Compiler::Processor#send (__send__) at bootstrap/core.rb:87
       Bytecode::Compiler::Processor#process at sexp/simple_processor.rb:56
    Bytecode::Compiler::Processor#process_block at bytecode/compiler.rb:372
                     CompiledMethod#activate at bootstrap/compiled_method.rb:52
                                 Method#call at bootstrap/compiled_method.rb:99
    Bytecode::Compiler::Processor#send (__send__) at bootstrap/core.rb:87
       Bytecode::Compiler::Processor#process at sexp/simple_processor.rb:56
    Bytecode::Compiler::Processor#process_scope at bytecode/compiler.rb:383
                     CompiledMethod#activate at bootstrap/compiled_method.rb:52
                                 Method#call at bootstrap/compiled_method.rb:99
    Bytecode::Compiler::Processor#send (__send__) at bootstrap/core.rb:87
       Bytecode::Compiler::Processor#process at sexp/simple_processor.rb:56
                  Bytecode::Compiler#compile at bytecode/compiler.rb:136
        Bytecode::Compiler#compile_as_method at bytecode/compiler.rb:150
    Bytecode::Compiler::Processor#process_class at bytecode/compiler.rb:760
                       BlockEnvironment#call at bootstrap/context.rb:96
            Bytecode::Compiler#as_class_body at bytecode/compiler.rb:79
    Bytecode::Compiler::Processor#process_class at bytecode/compiler.rb:760
                     CompiledMethod#activate at bootstrap/compiled_method.rb:52
                                 Method#call at bootstrap/compiled_method.rb:99
    Bytecode::Compiler::Processor#send (__send__) at bootstrap/core.rb:87
       Bytecode::Compiler::Processor#process at sexp/simple_processor.rb:56
    Bytecode::Compiler::Processor#process_newline at bytecode/compiler.rb:1478
                     CompiledMethod#activate at bootstrap/compiled_method.rb:52
                                 Method#call at bootstrap/compiled_method.rb:99
    Bytecode::Compiler::Processor#send (__send__) at bootstrap/core.rb:87
       Bytecode::Compiler::Processor#process at sexp/simple_processor.rb:56
    Bytecode::Compiler::Processor#process_block at bytecode/compiler.rb:372
                     CompiledMethod#activate at bootstrap/compiled_method.rb:52
                                 Method#call at bootstrap/compiled_method.rb:99
    Bytecode::Compiler::Processor#send (__send__) at bootstrap/core.rb:87
       Bytecode::Compiler::Processor#process at sexp/simple_processor.rb:56
    Bytecode::Compiler::Processor#process_scope at bytecode/compiler.rb:383
                     CompiledMethod#activate at bootstrap/compiled_method.rb:52
                                 Method#call at bootstrap/compiled_method.rb:99
    Bytecode::Compiler::Processor#send (__send__) at bootstrap/core.rb:87
       Bytecode::Compiler::Processor#process at sexp/simple_processor.rb:56
                  Bytecode::Compiler#compile at bytecode/compiler.rb:136
        Bytecode::Compiler#compile_as_method at bytecode/compiler.rb:150
    Bytecode::Compiler::Processor#process_module at bytecode/compiler.rb:802
                       BlockEnvironment#call at bootstrap/context.rb:96
           Bytecode::Compiler#as_module_body at bytecode/compiler.rb:93
    Bytecode::Compiler::Processor#process_module at bytecode/compiler.rb:802
                     CompiledMethod#activate at bootstrap/compiled_method.rb:52
                                 Method#call at bootstrap/compiled_method.rb:99
    Bytecode::Compiler::Processor#send (__send__) at bootstrap/core.rb:87
       Bytecode::Compiler::Processor#process at sexp/simple_processor.rb:56
    Bytecode::Compiler::Processor#process_newline at bytecode/compiler.rb:1478
                     CompiledMethod#activate at bootstrap/compiled_method.rb:52
                                 Method#call at bootstrap/compiled_method.rb:99
    Bytecode::Compiler::Processor#send (__send__) at bootstrap/core.rb:87
       Bytecode::Compiler::Processor#process at sexp/simple_processor.rb:56
    Bytecode::Compiler::Processor#process_block at bytecode/compiler.rb:372
                     CompiledMethod#activate at bootstrap/compiled_method.rb:52
                                 Method#call at bootstrap/compiled_method.rb:99
    Bytecode::Compiler::Processor#send (__send__) at bootstrap/core.rb:87
       Bytecode::Compiler::Processor#process at sexp/simple_processor.rb:56
    Bytecode::Compiler::Processor#process_scope at bytecode/compiler.rb:383
                     CompiledMethod#activate at bootstrap/compiled_method.rb:52
                                 Method#call at bootstrap/compiled_method.rb:99
    Bytecode::Compiler::Processor#send (__send__) at bootstrap/core.rb:87
       Bytecode::Compiler::Processor#process at sexp/simple_processor.rb:56
                  Bytecode::Compiler#compile at bytecode/compiler.rb:136
        Bytecode::Compiler#compile_as_method at bytecode/compiler.rb:150
    Bytecode::Compiler::Processor#process_module at bytecode/compiler.rb:802
                       BlockEnvironment#call at bootstrap/context.rb:96
           Bytecode::Compiler#as_module_body at bytecode/compiler.rb:93
    Bytecode::Compiler::Processor#process_module at bytecode/compiler.rb:802
                     CompiledMethod#activate at bootstrap/compiled_method.rb:52
                                 Method#call at bootstrap/compiled_method.rb:99
    Bytecode::Compiler::Processor#send (__send__) at bootstrap/core.rb:87
       Bytecode::Compiler::Processor#process at sexp/simple_processor.rb:56
    Bytecode::Compiler::Processor#process_newline at bytecode/compiler.rb:1478
                     CompiledMethod#activate at bootstrap/compiled_method.rb:52
                                 Method#call at bootstrap/compiled_method.rb:99
    Bytecode::Compiler::Processor#send (__send__) at bootstrap/core.rb:87
       Bytecode::Compiler::Processor#process at sexp/simple_processor.rb:56
                  Bytecode::Compiler#compile at bytecode/compiler.rb:136
        Bytecode::Compiler#compile_as_script at bytecode/compiler.rb:161
                        Compile.compile_file at core/compile.rb:6
                                   main.load at core/compile.rb:52
                                main.require at core/compile.rb:87
                       BlockEnvironment#call at bootstrap/context.rb:94
                                  Array#each at bootstrap/array.rb:24
                                main.require at core/compile.rb:87
                       BlockEnvironment#call at bootstrap/context.rb:94
                                  Array#each at bootstrap/array.rb:24
                                main.require at core/compile.rb:87
                        main.__eval_script__ at (eval):1
                     CompiledMethod#activate at bootstrap/compiled_method.rb:52
                             Compile.execute at core/compile.rb:22
                             main.__script__ at core/__loader.rb:58
</td>
      </tr>
      
      <tr>
        <td>spec/runner/reporter</td>
        <td>An exception has occured:
    No method 'private' on an instance of Class. (NoMethodError)

Backtrace:
    Runner::Reporter.private (method_missing) at bootstrap/method_missing.rb:8
             Runner::Reporter.__class_init__ at externals/rspec-0.7.5/lib/spec/runner/reporter.rb:49
                      Runner.__module_init__ at externals/rspec-0.7.5/lib/spec/runner/reporter.rb:3
                        Spec.__module_init__ at externals/rspec-0.7.5/lib/spec/runner/reporter.rb:2
                             main.__script__ at externals/rspec-0.7.5/lib/spec/runner/reporter.rb:1
                                   main.load at core/compile.rb:43
                                main.require at core/compile.rb:87
                       BlockEnvironment#call at bootstrap/context.rb:94
                                  Array#each at bootstrap/array.rb:24
                                main.require at core/compile.rb:87
                       BlockEnvironment#call at bootstrap/context.rb:94
                                  Array#each at bootstrap/array.rb:24
                                main.require at core/compile.rb:87
                        main.__eval_script__ at (eval):1
                     CompiledMethod#activate at bootstrap/compiled_method.rb:52
                             Compile.execute at core/compile.rb:22
                             main.__script__ at core/__loader.rb:58
</td>
      </tr>
      
      <tr>
        <td>spec/runner/spec_matcher</td>
        <td>An exception has occured:
    Unknown type 'dregx', [&quot;^&quot;, [:evstr, [:call, [:const, :Regexp], :escape, [:array, [:ivar, :@context_name]]]], [:str, &quot;\\b&quot;, 0]] (RuntimeError)

Backtrace:
         Bytecode::Compiler::Processor#raise at bootstrap/04kernel.rb:23
       Bytecode::Compiler::Processor#process at sexp/simple_processor.rb:58
    Bytecode::Compiler::Processor#process_match3 at bytecode/compiler.rb:310
                     CompiledMethod#activate at bootstrap/compiled_method.rb:52
                                 Method#call at bootstrap/compiled_method.rb:99
    Bytecode::Compiler::Processor#send (__send__) at bootstrap/core.rb:87
       Bytecode::Compiler::Processor#process at sexp/simple_processor.rb:56
    Bytecode::Compiler::Processor#process_newline at bytecode/compiler.rb:1478
                     CompiledMethod#activate at bootstrap/compiled_method.rb:52
                                 Method#call at bootstrap/compiled_method.rb:99
    Bytecode::Compiler::Processor#send (__send__) at bootstrap/core.rb:87
       Bytecode::Compiler::Processor#process at sexp/simple_processor.rb:56
    Bytecode::Compiler::Processor#process_block at bytecode/compiler.rb:372
                     CompiledMethod#activate at bootstrap/compiled_method.rb:52
                                 Method#call at bootstrap/compiled_method.rb:99
    Bytecode::Compiler::Processor#send (__send__) at bootstrap/core.rb:87
       Bytecode::Compiler::Processor#process at sexp/simple_processor.rb:56
    Bytecode::Compiler::Processor#process_scope at bytecode/compiler.rb:383
                     CompiledMethod#activate at bootstrap/compiled_method.rb:52
                                 Method#call at bootstrap/compiled_method.rb:99
    Bytecode::Compiler::Processor#send (__send__) at bootstrap/core.rb:87
       Bytecode::Compiler::Processor#process at sexp/simple_processor.rb:56
                  Bytecode::Compiler#compile at bytecode/compiler.rb:136
        Bytecode::Compiler#compile_as_method at bytecode/compiler.rb:150
    Bytecode::Compiler::Processor#process_defn at bytecode/compiler.rb:1175
                       BlockEnvironment#call at bootstrap/context.rb:96
           Bytecode::Compiler#as_method_body at bytecode/compiler.rb:107
    Bytecode::Compiler::Processor#process_defn at bytecode/compiler.rb:1175
                     CompiledMethod#activate at bootstrap/compiled_method.rb:52
                                 Method#call at bootstrap/compiled_method.rb:99
    Bytecode::Compiler::Processor#send (__send__) at bootstrap/core.rb:87
       Bytecode::Compiler::Processor#process at sexp/simple_processor.rb:56
    Bytecode::Compiler::Processor#process_newline at bytecode/compiler.rb:1478
                     CompiledMethod#activate at bootstrap/compiled_method.rb:52
                                 Method#call at bootstrap/compiled_method.rb:99
    Bytecode::Compiler::Processor#send (__send__) at bootstrap/core.rb:87
       Bytecode::Compiler::Processor#process at sexp/simple_processor.rb:56
    Bytecode::Compiler::Processor#process_block at bytecode/compiler.rb:372
                     CompiledMethod#activate at bootstrap/compiled_method.rb:52
                                 Method#call at bootstrap/compiled_method.rb:99
    Bytecode::Compiler::Processor#send (__send__) at bootstrap/core.rb:87
       Bytecode::Compiler::Processor#process at sexp/simple_processor.rb:56
    Bytecode::Compiler::Processor#process_scope at bytecode/compiler.rb:383
                     CompiledMethod#activate at bootstrap/compiled_method.rb:52
                                 Method#call at bootstrap/compiled_method.rb:99
    Bytecode::Compiler::Processor#send (__send__) at bootstrap/core.rb:87
       Bytecode::Compiler::Processor#process at sexp/simple_processor.rb:56
                  Bytecode::Compiler#compile at bytecode/compiler.rb:136
        Bytecode::Compiler#compile_as_method at bytecode/compiler.rb:150
    Bytecode::Compiler::Processor#process_class at bytecode/compiler.rb:760
                       BlockEnvironment#call at bootstrap/context.rb:96
            Bytecode::Compiler#as_class_body at bytecode/compiler.rb:79
    Bytecode::Compiler::Processor#process_class at bytecode/compiler.rb:760
                     CompiledMethod#activate at bootstrap/compiled_method.rb:52
                                 Method#call at bootstrap/compiled_method.rb:99
    Bytecode::Compiler::Processor#send (__send__) at bootstrap/core.rb:87
       Bytecode::Compiler::Processor#process at sexp/simple_processor.rb:56
    Bytecode::Compiler::Processor#process_newline at bytecode/compiler.rb:1478
                     CompiledMethod#activate at bootstrap/compiled_method.rb:52
                                 Method#call at bootstrap/compiled_method.rb:99
    Bytecode::Compiler::Processor#send (__send__) at bootstrap/core.rb:87
       Bytecode::Compiler::Processor#process at sexp/simple_processor.rb:56
                  Bytecode::Compiler#compile at bytecode/compiler.rb:136
        Bytecode::Compiler#compile_as_script at bytecode/compiler.rb:161
                        Compile.compile_file at core/compile.rb:6
                                   main.load at core/compile.rb:52
                                main.require at core/compile.rb:87
                       BlockEnvironment#call at bootstrap/context.rb:94
                                  Array#each at bootstrap/array.rb:24
                                main.require at core/compile.rb:87
                       BlockEnvironment#call at bootstrap/context.rb:94
                                  Array#each at bootstrap/array.rb:24
                                main.require at core/compile.rb:87
                        main.__eval_script__ at (eval):1
                     CompiledMethod#activate at bootstrap/compiled_method.rb:52
                             Compile.execute at core/compile.rb:22
                             main.__script__ at core/__loader.rb:58
</td>
      </tr>
      
      <tr>
        <td>spec/runner/context</td>
        <td>An exception has occured:
    Unknown type 'zsuper', [] (RuntimeError)

Backtrace:
         Bytecode::Compiler::Processor#raise at bootstrap/04kernel.rb:23
       Bytecode::Compiler::Processor#process at sexp/simple_processor.rb:58
    Bytecode::Compiler::Processor#process_lasgn at bytecode/compiler.rb:532
                     CompiledMethod#activate at bootstrap/compiled_method.rb:52
                                 Method#call at bootstrap/compiled_method.rb:99
    Bytecode::Compiler::Processor#send (__send__) at bootstrap/core.rb:87
       Bytecode::Compiler::Processor#process at sexp/simple_processor.rb:56
    Bytecode::Compiler::Processor#process_newline at bytecode/compiler.rb:1478
                     CompiledMethod#activate at bootstrap/compiled_method.rb:52
                                 Method#call at bootstrap/compiled_method.rb:99
    Bytecode::Compiler::Processor#send (__send__) at bootstrap/core.rb:87
       Bytecode::Compiler::Processor#process at sexp/simple_processor.rb:56
    Bytecode::Compiler::Processor#process_block at bytecode/compiler.rb:372
                     CompiledMethod#activate at bootstrap/compiled_method.rb:52
                                 Method#call at bootstrap/compiled_method.rb:99
    Bytecode::Compiler::Processor#send (__send__) at bootstrap/core.rb:87
       Bytecode::Compiler::Processor#process at sexp/simple_processor.rb:56
    Bytecode::Compiler::Processor#process_scope at bytecode/compiler.rb:383
                     CompiledMethod#activate at bootstrap/compiled_method.rb:52
                                 Method#call at bootstrap/compiled_method.rb:99
    Bytecode::Compiler::Processor#send (__send__) at bootstrap/core.rb:87
       Bytecode::Compiler::Processor#process at sexp/simple_processor.rb:56
                  Bytecode::Compiler#compile at bytecode/compiler.rb:136
        Bytecode::Compiler#compile_as_method at bytecode/compiler.rb:150
    Bytecode::Compiler::Processor#process_defn at bytecode/compiler.rb:1175
                       BlockEnvironment#call at bootstrap/context.rb:96
           Bytecode::Compiler#as_method_body at bytecode/compiler.rb:107
    Bytecode::Compiler::Processor#process_defn at bytecode/compiler.rb:1175
                     CompiledMethod#activate at bootstrap/compiled_method.rb:52
                                 Method#call at bootstrap/compiled_method.rb:99
    Bytecode::Compiler::Processor#send (__send__) at bootstrap/core.rb:87
       Bytecode::Compiler::Processor#process at sexp/simple_processor.rb:56
    Bytecode::Compiler::Processor#process_newline at bytecode/compiler.rb:1478
                     CompiledMethod#activate at bootstrap/compiled_method.rb:52
                                 Method#call at bootstrap/compiled_method.rb:99
    Bytecode::Compiler::Processor#send (__send__) at bootstrap/core.rb:87
       Bytecode::Compiler::Processor#process at sexp/simple_processor.rb:56
    Bytecode::Compiler::Processor#process_block at bytecode/compiler.rb:372
                     CompiledMethod#activate at bootstrap/compiled_method.rb:52
                                 Method#call at bootstrap/compiled_method.rb:99
    Bytecode::Compiler::Processor#send (__send__) at bootstrap/core.rb:87
       Bytecode::Compiler::Processor#process at sexp/simple_processor.rb:56
    Bytecode::Compiler::Processor#process_scope at bytecode/compiler.rb:383
                     CompiledMethod#activate at bootstrap/compiled_method.rb:52
                                 Method#call at bootstrap/compiled_method.rb:99
    Bytecode::Compiler::Processor#send (__send__) at bootstrap/core.rb:87
       Bytecode::Compiler::Processor#process at sexp/simple_processor.rb:56
                  Bytecode::Compiler#compile at bytecode/compiler.rb:136
        Bytecode::Compiler#compile_as_method at bytecode/compiler.rb:150
    Bytecode::Compiler::Processor#process_module at bytecode/compiler.rb:802
                       BlockEnvironment#call at bootstrap/context.rb:96
           Bytecode::Compiler#as_module_body at bytecode/compiler.rb:93
    Bytecode::Compiler::Processor#process_module at bytecode/compiler.rb:802
                     CompiledMethod#activate at bootstrap/compiled_method.rb:52
                                 Method#call at bootstrap/compiled_method.rb:99
    Bytecode::Compiler::Processor#send (__send__) at bootstrap/core.rb:87
       Bytecode::Compiler::Processor#process at sexp/simple_processor.rb:56
    Bytecode::Compiler::Processor#process_newline at bytecode/compiler.rb:1478
                     CompiledMethod#activate at bootstrap/compiled_method.rb:52
                                 Method#call at bootstrap/compiled_method.rb:99
    Bytecode::Compiler::Processor#send (__send__) at bootstrap/core.rb:87
       Bytecode::Compiler::Processor#process at sexp/simple_processor.rb:56
    Bytecode::Compiler::Processor#process_block at bytecode/compiler.rb:372
                     CompiledMethod#activate at bootstrap/compiled_method.rb:52
                                 Method#call at bootstrap/compiled_method.rb:99
    Bytecode::Compiler::Processor#send (__send__) at bootstrap/core.rb:87
       Bytecode::Compiler::Processor#process at sexp/simple_processor.rb:56
    Bytecode::Compiler::Processor#process_scope at bytecode/compiler.rb:383
                     CompiledMethod#activate at bootstrap/compiled_method.rb:52
                                 Method#call at bootstrap/compiled_method.rb:99
    Bytecode::Compiler::Processor#send (__send__) at bootstrap/core.rb:87
       Bytecode::Compiler::Processor#process at sexp/simple_processor.rb:56
                  Bytecode::Compiler#compile at bytecode/compiler.rb:136
        Bytecode::Compiler#compile_as_method at bytecode/compiler.rb:150
    Bytecode::Compiler::Processor#process_class at bytecode/compiler.rb:760
                       BlockEnvironment#call at bootstrap/context.rb:96
            Bytecode::Compiler#as_class_body at bytecode/compiler.rb:79
    Bytecode::Compiler::Processor#process_class at bytecode/compiler.rb:760
                     CompiledMethod#activate at bootstrap/compiled_method.rb:52
                                 Method#call at bootstrap/compiled_method.rb:99
    Bytecode::Compiler::Processor#send (__send__) at bootstrap/core.rb:87
       Bytecode::Compiler::Processor#process at sexp/simple_processor.rb:56
    Bytecode::Compiler::Processor#process_newline at bytecode/compiler.rb:1478
                     CompiledMethod#activate at bootstrap/compiled_method.rb:52
                                 Method#call at bootstrap/compiled_method.rb:99
    Bytecode::Compiler::Processor#send (__send__) at bootstrap/core.rb:87
       Bytecode::Compiler::Processor#process at sexp/simple_processor.rb:56
    Bytecode::Compiler::Processor#process_block at bytecode/compiler.rb:372
                     CompiledMethod#activate at bootstrap/compiled_method.rb:52
                                 Method#call at bootstrap/compiled_method.rb:99
    Bytecode::Compiler::Processor#send (__send__) at bootstrap/core.rb:87
       Bytecode::Compiler::Processor#process at sexp/simple_processor.rb:56
    Bytecode::Compiler::Processor#process_scope at bytecode/compiler.rb:383
                     CompiledMethod#activate at bootstrap/compiled_method.rb:52
                                 Method#call at bootstrap/compiled_method.rb:99
    Bytecode::Compiler::Processor#send (__send__) at bootstrap/core.rb:87
       Bytecode::Compiler::Processor#process at sexp/simple_processor.rb:56
                  Bytecode::Compiler#compile at bytecode/compiler.rb:136
        Bytecode::Compiler#compile_as_method at bytecode/compiler.rb:150
    Bytecode::Compiler::Processor#process_module at bytecode/compiler.rb:802
                       BlockEnvironment#call at bootstrap/context.rb:96
           Bytecode::Compiler#as_module_body at bytecode/compiler.rb:93
    Bytecode::Compiler::Processor#process_module at bytecode/compiler.rb:802
                     CompiledMethod#activate at bootstrap/compiled_method.rb:52
                                 Method#call at bootstrap/compiled_method.rb:99
    Bytecode::Compiler::Processor#send (__send__) at bootstrap/core.rb:87
       Bytecode::Compiler::Processor#process at sexp/simple_processor.rb:56
    Bytecode::Compiler::Processor#process_newline at bytecode/compiler.rb:1478
                     CompiledMethod#activate at bootstrap/compiled_method.rb:52
                                 Method#call at bootstrap/compiled_method.rb:99
    Bytecode::Compiler::Processor#send (__send__) at bootstrap/core.rb:87
       Bytecode::Compiler::Processor#process at sexp/simple_processor.rb:56
    Bytecode::Compiler::Processor#process_block at bytecode/compiler.rb:372
                     CompiledMethod#activate at bootstrap/compiled_method.rb:52
                                 Method#call at bootstrap/compiled_method.rb:99
    Bytecode::Compiler::Processor#send (__send__) at bootstrap/core.rb:87
       Bytecode::Compiler::Processor#process at sexp/simple_processor.rb:56
    Bytecode::Compiler::Processor#process_scope at bytecode/compiler.rb:383
                     CompiledMethod#activate at bootstrap/compiled_method.rb:52
                                 Method#call at bootstrap/compiled_method.rb:99
    Bytecode::Compiler::Processor#send (__send__) at bootstrap/core.rb:87
       Bytecode::Compiler::Processor#process at sexp/simple_processor.rb:56
                  Bytecode::Compiler#compile at bytecode/compiler.rb:136
        Bytecode::Compiler#compile_as_method at bytecode/compiler.rb:150
    Bytecode::Compiler::Processor#process_module at bytecode/compiler.rb:802
                       BlockEnvironment#call at bootstrap/context.rb:96
           Bytecode::Compiler#as_module_body at bytecode/compiler.rb:93
    Bytecode::Compiler::Processor#process_module at bytecode/compiler.rb:802
                     CompiledMethod#activate at bootstrap/compiled_method.rb:52
                                 Method#call at bootstrap/compiled_method.rb:99
    Bytecode::Compiler::Processor#send (__send__) at bootstrap/core.rb:87
       Bytecode::Compiler::Processor#process at sexp/simple_processor.rb:56
    Bytecode::Compiler::Processor#process_newline at bytecode/compiler.rb:1478
                     CompiledMethod#activate at bootstrap/compiled_method.rb:52
                                 Method#call at bootstrap/compiled_method.rb:99
    Bytecode::Compiler::Processor#send (__send__) at bootstrap/core.rb:87
       Bytecode::Compiler::Processor#process at sexp/simple_processor.rb:56
                  Bytecode::Compiler#compile at bytecode/compiler.rb:136
        Bytecode::Compiler#compile_as_script at bytecode/compiler.rb:161
                        Compile.compile_file at core/compile.rb:6
                                   main.load at core/compile.rb:52
                                main.require at core/compile.rb:87
                       BlockEnvironment#call at bootstrap/context.rb:94
                                  Array#each at bootstrap/array.rb:24
                                main.require at core/compile.rb:87
                       BlockEnvironment#call at bootstrap/context.rb:94
                                  Array#each at bootstrap/array.rb:24
                                main.require at core/compile.rb:87
                        main.__eval_script__ at (eval):1
                     CompiledMethod#activate at bootstrap/compiled_method.rb:52
                             Compile.execute at core/compile.rb:22
                             main.__script__ at core/__loader.rb:58
Unknown arg_count 0 encountered while processing args.
</td>
      </tr>
      
      <tr>
        <td>spec/runner/drb_command_line</td>
        <td>An exception has occured:
    Unable to find 'drb/drb' to load (LoadError)

Backtrace:
                 main.raise at bootstrap/04kernel.rb:23
               main.require at core/compile.rb:91
            main.__script__ at externals/rspec-0.7.5/lib/spec/runner/drb_command_line.rb:1
                  main.load at core/compile.rb:43
               main.require at core/compile.rb:87
      BlockEnvironment#call at bootstrap/context.rb:94
                 Array#each at bootstrap/array.rb:24
               main.require at core/compile.rb:87
      BlockEnvironment#call at bootstrap/context.rb:94
                 Array#each at bootstrap/array.rb:24
               main.require at core/compile.rb:87
       main.__eval_script__ at (eval):1
    CompiledMethod#activate at bootstrap/compiled_method.rb:52
            Compile.execute at core/compile.rb:22
            main.__script__ at core/__loader.rb:58
Couldn't find drb/drb.rbc in runtime/compiler.rba (No such file/-1)
Couldn't find drb/drb.rb in runtime/compiler.rba (No such file/-1)
</td>
      </tr>
      
      <tr>
        <td>spec/runner/spec_parser</td>
        <td>An exception has occured:
    Unknown type 'nth_ref', [1] (RuntimeError)

Backtrace:
         Bytecode::Compiler::Processor#raise at bootstrap/04kernel.rb:23
       Bytecode::Compiler::Processor#process at sexp/simple_processor.rb:58
    Bytecode::Compiler::Processor#process_return at bytecode/compiler.rb:1042
                     CompiledMethod#activate at bootstrap/compiled_method.rb:52
                                 Method#call at bootstrap/compiled_method.rb:99
    Bytecode::Compiler::Processor#send (__send__) at bootstrap/core.rb:87
       Bytecode::Compiler::Processor#process at sexp/simple_processor.rb:56
    Bytecode::Compiler::Processor#process_block at bytecode/compiler.rb:372
                     CompiledMethod#activate at bootstrap/compiled_method.rb:52
                                 Method#call at bootstrap/compiled_method.rb:99
    Bytecode::Compiler::Processor#send (__send__) at bootstrap/core.rb:87
       Bytecode::Compiler::Processor#process at sexp/simple_processor.rb:56
    Bytecode::Compiler::Processor#process_if at bytecode/compiler.rb:348
                     CompiledMethod#activate at bootstrap/compiled_method.rb:52
                                 Method#call at bootstrap/compiled_method.rb:99
    Bytecode::Compiler::Processor#send (__send__) at bootstrap/core.rb:87
       Bytecode::Compiler::Processor#process at sexp/simple_processor.rb:56
    Bytecode::Compiler::Processor#process_newline at bytecode/compiler.rb:1478
                     CompiledMethod#activate at bootstrap/compiled_method.rb:52
                                 Method#call at bootstrap/compiled_method.rb:99
    Bytecode::Compiler::Processor#send (__send__) at bootstrap/core.rb:87
       Bytecode::Compiler::Processor#process at sexp/simple_processor.rb:56
    Bytecode::Compiler::Processor#process_block at bytecode/compiler.rb:372
                     CompiledMethod#activate at bootstrap/compiled_method.rb:52
                                 Method#call at bootstrap/compiled_method.rb:99
    Bytecode::Compiler::Processor#send (__send__) at bootstrap/core.rb:87
       Bytecode::Compiler::Processor#process at sexp/simple_processor.rb:56
    Bytecode::Compiler::Processor#process_block_iter at bytecode/compiler.rb:1396
                     CompiledMethod#activate at bootstrap/compiled_method.rb:52
                                 Method#call at bootstrap/compiled_method.rb:99
    Bytecode::Compiler::Processor#send (__send__) at bootstrap/core.rb:87
       Bytecode::Compiler::Processor#process at sexp/simple_processor.rb:56
    Bytecode::Compiler::Processor#process_call at bytecode/compiler.rb:1317
    Bytecode::Compiler::Processor#process_iter at bytecode/compiler.rb:1381
                     CompiledMethod#activate at bootstrap/compiled_method.rb:52
                                 Method#call at bootstrap/compiled_method.rb:99
    Bytecode::Compiler::Processor#send (__send__) at bootstrap/core.rb:87
       Bytecode::Compiler::Processor#process at sexp/simple_processor.rb:56
    Bytecode::Compiler::Processor#process_newline at bytecode/compiler.rb:1478
                     CompiledMethod#activate at bootstrap/compiled_method.rb:52
                                 Method#call at bootstrap/compiled_method.rb:99
    Bytecode::Compiler::Processor#send (__send__) at bootstrap/core.rb:87
       Bytecode::Compiler::Processor#process at sexp/simple_processor.rb:56
    Bytecode::Compiler::Processor#process_block at bytecode/compiler.rb:372
                     CompiledMethod#activate at bootstrap/compiled_method.rb:52
                                 Method#call at bootstrap/compiled_method.rb:99
    Bytecode::Compiler::Processor#send (__send__) at bootstrap/core.rb:87
       Bytecode::Compiler::Processor#process at sexp/simple_processor.rb:56
    Bytecode::Compiler::Processor#process_scope at bytecode/compiler.rb:383
                     CompiledMethod#activate at bootstrap/compiled_method.rb:52
                                 Method#call at bootstrap/compiled_method.rb:99
    Bytecode::Compiler::Processor#send (__send__) at bootstrap/core.rb:87
       Bytecode::Compiler::Processor#process at sexp/simple_processor.rb:56
                  Bytecode::Compiler#compile at bytecode/compiler.rb:136
        Bytecode::Compiler#compile_as_method at bytecode/compiler.rb:150
    Bytecode::Compiler::Processor#process_defn at bytecode/compiler.rb:1175
                       BlockEnvironment#call at bootstrap/context.rb:96
           Bytecode::Compiler#as_method_body at bytecode/compiler.rb:107
    Bytecode::Compiler::Processor#process_defn at bytecode/compiler.rb:1175
                     CompiledMethod#activate at bootstrap/compiled_method.rb:52
                                 Method#call at bootstrap/compiled_method.rb:99
    Bytecode::Compiler::Processor#send (__send__) at bootstrap/core.rb:87
       Bytecode::Compiler::Processor#process at sexp/simple_processor.rb:56
    Bytecode::Compiler::Processor#process_newline at bytecode/compiler.rb:1478
                     CompiledMethod#activate at bootstrap/compiled_method.rb:52
                                 Method#call at bootstrap/compiled_method.rb:99
    Bytecode::Compiler::Processor#send (__send__) at bootstrap/core.rb:87
       Bytecode::Compiler::Processor#process at sexp/simple_processor.rb:56
    Bytecode::Compiler::Processor#process_block at bytecode/compiler.rb:372
                     CompiledMethod#activate at bootstrap/compiled_method.rb:52
                                 Method#call at bootstrap/compiled_method.rb:99
    Bytecode::Compiler::Processor#send (__send__) at bootstrap/core.rb:87
       Bytecode::Compiler::Processor#process at sexp/simple_processor.rb:56
    Bytecode::Compiler::Processor#process_scope at bytecode/compiler.rb:383
                     CompiledMethod#activate at bootstrap/compiled_method.rb:52
                                 Method#call at bootstrap/compiled_method.rb:99
    Bytecode::Compiler::Processor#send (__send__) at bootstrap/core.rb:87
       Bytecode::Compiler::Processor#process at sexp/simple_processor.rb:56
                  Bytecode::Compiler#compile at bytecode/compiler.rb:136
        Bytecode::Compiler#compile_as_method at bytecode/compiler.rb:150
    Bytecode::Compiler::Processor#process_class at bytecode/compiler.rb:760
                       BlockEnvironment#call at bootstrap/context.rb:96
            Bytecode::Compiler#as_class_body at bytecode/compiler.rb:79
    Bytecode::Compiler::Processor#process_class at bytecode/compiler.rb:760
                     CompiledMethod#activate at bootstrap/compiled_method.rb:52
                                 Method#call at bootstrap/compiled_method.rb:99
    Bytecode::Compiler::Processor#send (__send__) at bootstrap/core.rb:87
       Bytecode::Compiler::Processor#process at sexp/simple_processor.rb:56
    Bytecode::Compiler::Processor#process_newline at bytecode/compiler.rb:1478
                     CompiledMethod#activate at bootstrap/compiled_method.rb:52
                                 Method#call at bootstrap/compiled_method.rb:99
    Bytecode::Compiler::Processor#send (__send__) at bootstrap/core.rb:87
       Bytecode::Compiler::Processor#process at sexp/simple_processor.rb:56
    Bytecode::Compiler::Processor#process_block at bytecode/compiler.rb:372
                     CompiledMethod#activate at bootstrap/compiled_method.rb:52
                                 Method#call at bootstrap/compiled_method.rb:99
    Bytecode::Compiler::Processor#send (__send__) at bootstrap/core.rb:87
       Bytecode::Compiler::Processor#process at sexp/simple_processor.rb:56
    Bytecode::Compiler::Processor#process_scope at bytecode/compiler.rb:383
                     CompiledMethod#activate at bootstrap/compiled_method.rb:52
                                 Method#call at bootstrap/compiled_method.rb:99
    Bytecode::Compiler::Processor#send (__send__) at bootstrap/core.rb:87
       Bytecode::Compiler::Processor#process at sexp/simple_processor.rb:56
                  Bytecode::Compiler#compile at bytecode/compiler.rb:136
        Bytecode::Compiler#compile_as_method at bytecode/compiler.rb:150
    Bytecode::Compiler::Processor#process_module at bytecode/compiler.rb:802
                       BlockEnvironment#call at bootstrap/context.rb:96
           Bytecode::Compiler#as_module_body at bytecode/compiler.rb:93
    Bytecode::Compiler::Processor#process_module at bytecode/compiler.rb:802
                     CompiledMethod#activate at bootstrap/compiled_method.rb:52
                                 Method#call at bootstrap/compiled_method.rb:99
    Bytecode::Compiler::Processor#send (__send__) at bootstrap/core.rb:87
       Bytecode::Compiler::Processor#process at sexp/simple_processor.rb:56
    Bytecode::Compiler::Processor#process_newline at bytecode/compiler.rb:1478
                     CompiledMethod#activate at bootstrap/compiled_method.rb:52
                                 Method#call at bootstrap/compiled_method.rb:99
    Bytecode::Compiler::Processor#send (__send__) at bootstrap/core.rb:87
       Bytecode::Compiler::Processor#process at sexp/simple_processor.rb:56
    Bytecode::Compiler::Processor#process_block at bytecode/compiler.rb:372
                     CompiledMethod#activate at bootstrap/compiled_method.rb:52
                                 Method#call at bootstrap/compiled_method.rb:99
    Bytecode::Compiler::Processor#send (__send__) at bootstrap/core.rb:87
       Bytecode::Compiler::Processor#process at sexp/simple_processor.rb:56
    Bytecode::Compiler::Processor#process_scope at bytecode/compiler.rb:383
                     CompiledMethod#activate at bootstrap/compiled_method.rb:52
                                 Method#call at bootstrap/compiled_method.rb:99
    Bytecode::Compiler::Processor#send (__send__) at bootstrap/core.rb:87
       Bytecode::Compiler::Processor#process at sexp/simple_processor.rb:56
                  Bytecode::Compiler#compile at bytecode/compiler.rb:136
        Bytecode::Compiler#compile_as_method at bytecode/compiler.rb:150
    Bytecode::Compiler::Processor#process_module at bytecode/compiler.rb:802
                       BlockEnvironment#call at bootstrap/context.rb:96
           Bytecode::Compiler#as_module_body at bytecode/compiler.rb:93
    Bytecode::Compiler::Processor#process_module at bytecode/compiler.rb:802
                     CompiledMethod#activate at bootstrap/compiled_method.rb:52
                                 Method#call at bootstrap/compiled_method.rb:99
    Bytecode::Compiler::Processor#send (__send__) at bootstrap/core.rb:87
       Bytecode::Compiler::Processor#process at sexp/simple_processor.rb:56
    Bytecode::Compiler::Processor#process_newline at bytecode/compiler.rb:1478
                     CompiledMethod#activate at bootstrap/compiled_method.rb:52
                                 Method#call at bootstrap/compiled_method.rb:99
    Bytecode::Compiler::Processor#send (__send__) at bootstrap/core.rb:87
       Bytecode::Compiler::Processor#process at sexp/simple_processor.rb:56
                  Bytecode::Compiler#compile at bytecode/compiler.rb:136
        Bytecode::Compiler#compile_as_script at bytecode/compiler.rb:161
                        Compile.compile_file at core/compile.rb:6
                                   main.load at core/compile.rb:52
                                main.require at core/compile.rb:87
                       BlockEnvironment#call at bootstrap/context.rb:94
                                  Array#each at bootstrap/array.rb:24
                                main.require at core/compile.rb:87
                       BlockEnvironment#call at bootstrap/context.rb:94
                                  Array#each at bootstrap/array.rb:24
                                main.require at core/compile.rb:87
                        main.__eval_script__ at (eval):1
                     CompiledMethod#activate at bootstrap/compiled_method.rb:52
                             Compile.execute at core/compile.rb:22
                             main.__script__ at core/__loader.rb:58
</td>
      </tr>
      
      <tr>
        <td>spec/runner/formatter/rdoc_formatter</td>
        <td>Couldn't find constant BaseTextFormatter.
</td>
      </tr>
      
      <tr>
        <td>spec/runner/formatter/progress_bar_formatter</td>
        <td>Couldn't find constant BaseTextFormatter.
</td>
      </tr>
      
      <tr>
        <td>spec/runner/formatter/base_text_formatter</td>
        <td>An exception has occured:
    No method 'protected' on an instance of Class. (NoMethodError)

Backtrace:
    Formatter::BaseTextFormatter.protected (method_missing) at bootstrap/method_missing.rb:8
    Formatter::BaseTextFormatter.__class_init__ at externals/rspec-0.7.5/lib/spec/runner/formatter/base_text_formatter.rb:92
                   Formatter.__module_init__ at externals/rspec-0.7.5/lib/spec/runner/formatter/base_text_formatter.rb:7
                      Runner.__module_init__ at externals/rspec-0.7.5/lib/spec/runner/formatter/base_text_formatter.rb:3
                        Spec.__module_init__ at externals/rspec-0.7.5/lib/spec/runner/formatter/base_text_formatter.rb:2
                             main.__script__ at externals/rspec-0.7.5/lib/spec/runner/formatter/base_text_formatter.rb:1
                                   main.load at core/compile.rb:43
                                main.require at core/compile.rb:87
                       BlockEnvironment#call at bootstrap/context.rb:94
                                  Array#each at bootstrap/array.rb:24
                                main.require at core/compile.rb:87
                       BlockEnvironment#call at bootstrap/context.rb:94
                                  Array#each at bootstrap/array.rb:24
                                main.require at core/compile.rb:87
                        main.__eval_script__ at (eval):1
                     CompiledMethod#activate at bootstrap/compiled_method.rb:52
                             Compile.execute at core/compile.rb:22
                             main.__script__ at core/__loader.rb:58
</td>
      </tr>
      
      <tr>
        <td>spec/runner/formatter/html_formatter</td>
        <td>An exception has occured:
    Unknown type 'zsuper', [] (RuntimeError)

Backtrace:
         Bytecode::Compiler::Processor#raise at bootstrap/04kernel.rb:23
       Bytecode::Compiler::Processor#process at sexp/simple_processor.rb:58
    Bytecode::Compiler::Processor#process_newline at bytecode/compiler.rb:1478
                     CompiledMethod#activate at bootstrap/compiled_method.rb:52
                                 Method#call at bootstrap/compiled_method.rb:99
    Bytecode::Compiler::Processor#send (__send__) at bootstrap/core.rb:87
       Bytecode::Compiler::Processor#process at sexp/simple_processor.rb:56
    Bytecode::Compiler::Processor#process_block at bytecode/compiler.rb:372
                     CompiledMethod#activate at bootstrap/compiled_method.rb:52
                                 Method#call at bootstrap/compiled_method.rb:99
    Bytecode::Compiler::Processor#send (__send__) at bootstrap/core.rb:87
       Bytecode::Compiler::Processor#process at sexp/simple_processor.rb:56
    Bytecode::Compiler::Processor#process_scope at bytecode/compiler.rb:383
                     CompiledMethod#activate at bootstrap/compiled_method.rb:52
                                 Method#call at bootstrap/compiled_method.rb:99
    Bytecode::Compiler::Processor#send (__send__) at bootstrap/core.rb:87
       Bytecode::Compiler::Processor#process at sexp/simple_processor.rb:56
                  Bytecode::Compiler#compile at bytecode/compiler.rb:136
        Bytecode::Compiler#compile_as_method at bytecode/compiler.rb:150
    Bytecode::Compiler::Processor#process_defn at bytecode/compiler.rb:1175
                       BlockEnvironment#call at bootstrap/context.rb:96
           Bytecode::Compiler#as_method_body at bytecode/compiler.rb:107
    Bytecode::Compiler::Processor#process_defn at bytecode/compiler.rb:1175
                     CompiledMethod#activate at bootstrap/compiled_method.rb:52
                                 Method#call at bootstrap/compiled_method.rb:99
    Bytecode::Compiler::Processor#send (__send__) at bootstrap/core.rb:87
       Bytecode::Compiler::Processor#process at sexp/simple_processor.rb:56
    Bytecode::Compiler::Processor#process_newline at bytecode/compiler.rb:1478
                     CompiledMethod#activate at bootstrap/compiled_method.rb:52
                                 Method#call at bootstrap/compiled_method.rb:99
    Bytecode::Compiler::Processor#send (__send__) at bootstrap/core.rb:87
       Bytecode::Compiler::Processor#process at sexp/simple_processor.rb:56
    Bytecode::Compiler::Processor#process_block at bytecode/compiler.rb:372
                     CompiledMethod#activate at bootstrap/compiled_method.rb:52
                                 Method#call at bootstrap/compiled_method.rb:99
    Bytecode::Compiler::Processor#send (__send__) at bootstrap/core.rb:87
       Bytecode::Compiler::Processor#process at sexp/simple_processor.rb:56
    Bytecode::Compiler::Processor#process_scope at bytecode/compiler.rb:383
                     CompiledMethod#activate at bootstrap/compiled_method.rb:52
                                 Method#call at bootstrap/compiled_method.rb:99
    Bytecode::Compiler::Processor#send (__send__) at bootstrap/core.rb:87
       Bytecode::Compiler::Processor#process at sexp/simple_processor.rb:56
                  Bytecode::Compiler#compile at bytecode/compiler.rb:136
        Bytecode::Compiler#compile_as_method at bytecode/compiler.rb:150
    Bytecode::Compiler::Processor#process_class at bytecode/compiler.rb:760
                       BlockEnvironment#call at bootstrap/context.rb:96
            Bytecode::Compiler#as_class_body at bytecode/compiler.rb:79
    Bytecode::Compiler::Processor#process_class at bytecode/compiler.rb:760
                     CompiledMethod#activate at bootstrap/compiled_method.rb:52
                                 Method#call at bootstrap/compiled_method.rb:99
    Bytecode::Compiler::Processor#send (__send__) at bootstrap/core.rb:87
       Bytecode::Compiler::Processor#process at sexp/simple_processor.rb:56
    Bytecode::Compiler::Processor#process_newline at bytecode/compiler.rb:1478
                     CompiledMethod#activate at bootstrap/compiled_method.rb:52
                                 Method#call at bootstrap/compiled_method.rb:99
    Bytecode::Compiler::Processor#send (__send__) at bootstrap/core.rb:87
       Bytecode::Compiler::Processor#process at sexp/simple_processor.rb:56
    Bytecode::Compiler::Processor#process_block at bytecode/compiler.rb:372
                     CompiledMethod#activate at bootstrap/compiled_method.rb:52
                                 Method#call at bootstrap/compiled_method.rb:99
    Bytecode::Compiler::Processor#send (__send__) at bootstrap/core.rb:87
       Bytecode::Compiler::Processor#process at sexp/simple_processor.rb:56
    Bytecode::Compiler::Processor#process_scope at bytecode/compiler.rb:383
                     CompiledMethod#activate at bootstrap/compiled_method.rb:52
                                 Method#call at bootstrap/compiled_method.rb:99
    Bytecode::Compiler::Processor#send (__send__) at bootstrap/core.rb:87
       Bytecode::Compiler::Processor#process at sexp/simple_processor.rb:56
                  Bytecode::Compiler#compile at bytecode/compiler.rb:136
        Bytecode::Compiler#compile_as_method at bytecode/compiler.rb:150
    Bytecode::Compiler::Processor#process_module at bytecode/compiler.rb:802
                       BlockEnvironment#call at bootstrap/context.rb:96
           Bytecode::Compiler#as_module_body at bytecode/compiler.rb:93
    Bytecode::Compiler::Processor#process_module at bytecode/compiler.rb:802
                     CompiledMethod#activate at bootstrap/compiled_method.rb:52
                                 Method#call at bootstrap/compiled_method.rb:99
    Bytecode::Compiler::Processor#send (__send__) at bootstrap/core.rb:87
       Bytecode::Compiler::Processor#process at sexp/simple_processor.rb:56
    Bytecode::Compiler::Processor#process_newline at bytecode/compiler.rb:1478
                     CompiledMethod#activate at bootstrap/compiled_method.rb:52
                                 Method#call at bootstrap/compiled_method.rb:99
    Bytecode::Compiler::Processor#send (__send__) at bootstrap/core.rb:87
       Bytecode::Compiler::Processor#process at sexp/simple_processor.rb:56
    Bytecode::Compiler::Processor#process_block at bytecode/compiler.rb:372
                     CompiledMethod#activate at bootstrap/compiled_method.rb:52
                                 Method#call at bootstrap/compiled_method.rb:99
    Bytecode::Compiler::Processor#send (__send__) at bootstrap/core.rb:87
       Bytecode::Compiler::Processor#process at sexp/simple_processor.rb:56
    Bytecode::Compiler::Processor#process_scope at bytecode/compiler.rb:383
                     CompiledMethod#activate at bootstrap/compiled_method.rb:52
                                 Method#call at bootstrap/compiled_method.rb:99
    Bytecode::Compiler::Processor#send (__send__) at bootstrap/core.rb:87
       Bytecode::Compiler::Processor#process at sexp/simple_processor.rb:56
                  Bytecode::Compiler#compile at bytecode/compiler.rb:136
        Bytecode::Compiler#compile_as_method at bytecode/compiler.rb:150
    Bytecode::Compiler::Processor#process_module at bytecode/compiler.rb:802
                       BlockEnvironment#call at bootstrap/context.rb:96
           Bytecode::Compiler#as_module_body at bytecode/compiler.rb:93
    Bytecode::Compiler::Processor#process_module at bytecode/compiler.rb:802
                     CompiledMethod#activate at bootstrap/compiled_method.rb:52
                                 Method#call at bootstrap/compiled_method.rb:99
    Bytecode::Compiler::Processor#send (__send__) at bootstrap/core.rb:87
       Bytecode::Compiler::Processor#process at sexp/simple_processor.rb:56
    Bytecode::Compiler::Processor#process_newline at bytecode/compiler.rb:1478
                     CompiledMethod#activate at bootstrap/compiled_method.rb:52
                                 Method#call at bootstrap/compiled_method.rb:99
    Bytecode::Compiler::Processor#send (__send__) at bootstrap/core.rb:87
       Bytecode::Compiler::Processor#process at sexp/simple_processor.rb:56
    Bytecode::Compiler::Processor#process_block at bytecode/compiler.rb:372
                     CompiledMethod#activate at bootstrap/compiled_method.rb:52
                                 Method#call at bootstrap/compiled_method.rb:99
    Bytecode::Compiler::Processor#send (__send__) at bootstrap/core.rb:87
       Bytecode::Compiler::Processor#process at sexp/simple_processor.rb:56
    Bytecode::Compiler::Processor#process_scope at bytecode/compiler.rb:383
                     CompiledMethod#activate at bootstrap/compiled_method.rb:52
                                 Method#call at bootstrap/compiled_method.rb:99
    Bytecode::Compiler::Processor#send (__send__) at bootstrap/core.rb:87
       Bytecode::Compiler::Processor#process at sexp/simple_processor.rb:56
                  Bytecode::Compiler#compile at bytecode/compiler.rb:136
        Bytecode::Compiler#compile_as_method at bytecode/compiler.rb:150
    Bytecode::Compiler::Processor#process_module at bytecode/compiler.rb:802
                       BlockEnvironment#call at bootstrap/context.rb:96
           Bytecode::Compiler#as_module_body at bytecode/compiler.rb:93
    Bytecode::Compiler::Processor#process_module at bytecode/compiler.rb:802
                     CompiledMethod#activate at bootstrap/compiled_method.rb:52
                                 Method#call at bootstrap/compiled_method.rb:99
    Bytecode::Compiler::Processor#send (__send__) at bootstrap/core.rb:87
       Bytecode::Compiler::Processor#process at sexp/simple_processor.rb:56
    Bytecode::Compiler::Processor#process_newline at bytecode/compiler.rb:1478
                     CompiledMethod#activate at bootstrap/compiled_method.rb:52
                                 Method#call at bootstrap/compiled_method.rb:99
    Bytecode::Compiler::Processor#send (__send__) at bootstrap/core.rb:87
       Bytecode::Compiler::Processor#process at sexp/simple_processor.rb:56
                  Bytecode::Compiler#compile at bytecode/compiler.rb:136
        Bytecode::Compiler#compile_as_script at bytecode/compiler.rb:161
                        Compile.compile_file at core/compile.rb:6
                                   main.load at core/compile.rb:52
                                main.require at core/compile.rb:87
                       BlockEnvironment#call at bootstrap/context.rb:94
                                  Array#each at bootstrap/array.rb:24
                                main.require at core/compile.rb:87
                       BlockEnvironment#call at bootstrap/context.rb:94
                                  Array#each at bootstrap/array.rb:24
                                main.require at core/compile.rb:87
                        main.__eval_script__ at (eval):1
                     CompiledMethod#activate at bootstrap/compiled_method.rb:52
                             Compile.execute at core/compile.rb:22
                             main.__script__ at core/__loader.rb:58
</td>
      </tr>
      
      <tr>
        <td>spec/runner/formatter/specdoc_formatter</td>
        <td>Couldn't find constant BaseTextFormatter.
</td>
      </tr>
      
      <tr>
        <td>spec/runner/context_runner</td>
        <td>An exception has occured:
    No method 'match' on an instance of String. (NoMethodError)

Backtrace:
    String#match (method_missing) at bootstrap/method_missing.rb:8
          VERSION.__module_init__ at externals/rspec-0.7.5/lib/spec/version.rb:8
             Spec.__module_init__ at externals/rspec-0.7.5/lib/spec/version.rb:2
                  main.__script__ at externals/rspec-0.7.5/lib/spec/version.rb:1
                        main.load at core/compile.rb:43
                     main.require at core/compile.rb:87
            BlockEnvironment#call at bootstrap/context.rb:94
                       Array#each at bootstrap/array.rb:24
                     main.require at core/compile.rb:87
            BlockEnvironment#call at bootstrap/context.rb:94
                       Array#each at bootstrap/array.rb:24
                     main.require at core/compile.rb:87
                  main.__script__ at ./externals/rspec-0.7.5/lib/spec/runner/../../spec.rb:1
                        main.load at core/compile.rb:43
                     main.require at core/compile.rb:87
            BlockEnvironment#call at bootstrap/context.rb:94
                       Array#each at bootstrap/array.rb:24
                     main.require at core/compile.rb:87
            BlockEnvironment#call at bootstrap/context.rb:94
                       Array#each at bootstrap/array.rb:24
                     main.require at core/compile.rb:87
                  main.__script__ at externals/rspec-0.7.5/lib/spec/runner/context_runner.rb:1
                        main.load at core/compile.rb:43
                     main.require at core/compile.rb:87
            BlockEnvironment#call at bootstrap/context.rb:94
                       Array#each at bootstrap/array.rb:24
                     main.require at core/compile.rb:87
            BlockEnvironment#call at bootstrap/context.rb:94
                       Array#each at bootstrap/array.rb:24
                     main.require at core/compile.rb:87
             main.__eval_script__ at (eval):1
          CompiledMethod#activate at bootstrap/compiled_method.rb:52
                  Compile.execute at core/compile.rb:22
                  main.__script__ at core/__loader.rb:58
</td>
      </tr>
      
      <tr>
        <td>spec/runner/specification</td>
        <td>An exception has occured:
    No method 'attr_accessor' on an instance of Module. (NoMethodError)

Backtrace:
    ClassMethods.attr_accessor (method_missing) at bootstrap/method_missing.rb:8
                ClassMethods.__module_init__ at externals/rspec-0.7.5/lib/spec/runner/specification.rb:5
        Runner::Specification.__class_init__ at externals/rspec-0.7.5/lib/spec/runner/specification.rb:4
                      Runner.__module_init__ at externals/rspec-0.7.5/lib/spec/runner/specification.rb:3
                        Spec.__module_init__ at externals/rspec-0.7.5/lib/spec/runner/specification.rb:2
                             main.__script__ at externals/rspec-0.7.5/lib/spec/runner/specification.rb:1
                                   main.load at core/compile.rb:43
                                main.require at core/compile.rb:87
                       BlockEnvironment#call at bootstrap/context.rb:94
                                  Array#each at bootstrap/array.rb:24
                                main.require at core/compile.rb:87
                       BlockEnvironment#call at bootstrap/context.rb:94
                                  Array#each at bootstrap/array.rb:24
                                main.require at core/compile.rb:87
                        main.__eval_script__ at (eval):1
                     CompiledMethod#activate at bootstrap/compiled_method.rb:52
                             Compile.execute at core/compile.rb:22
                             main.__script__ at core/__loader.rb:58
</td>
      </tr>
      
      <tr>
        <td>spec/runner/extensions/kernel</td>
        <td>An exception has occured:
    No method 'private' on an instance of Module. (NoMethodError)

Backtrace:
    Kernel.private (method_missing) at bootstrap/method_missing.rb:8
             Kernel.__module_init__ at externals/rspec-0.7.5/lib/spec/runner/extensions/kernel.rb:9
                    main.__script__ at externals/rspec-0.7.5/lib/spec/runner/extensions/kernel.rb:3
                          main.load at core/compile.rb:43
                       main.require at core/compile.rb:87
              BlockEnvironment#call at bootstrap/context.rb:94
                         Array#each at bootstrap/array.rb:24
                       main.require at core/compile.rb:87
              BlockEnvironment#call at bootstrap/context.rb:94
                         Array#each at bootstrap/array.rb:24
                       main.require at core/compile.rb:87
               main.__eval_script__ at (eval):1
            CompiledMethod#activate at bootstrap/compiled_method.rb:52
                    Compile.execute at core/compile.rb:22
                    main.__script__ at core/__loader.rb:58
</td>
      </tr>
      
      <tr>
        <td>spec/runner/formatter</td>
        <td>An exception has occured:
    No method 'protected' on an instance of Class. (NoMethodError)

Backtrace:
    Formatter::BaseTextFormatter.protected (method_missing) at bootstrap/method_missing.rb:8
    Formatter::BaseTextFormatter.__class_init__ at externals/rspec-0.7.5/lib/spec/runner/formatter/base_text_formatter.rb:92
                   Formatter.__module_init__ at externals/rspec-0.7.5/lib/spec/runner/formatter/base_text_formatter.rb:7
                      Runner.__module_init__ at externals/rspec-0.7.5/lib/spec/runner/formatter/base_text_formatter.rb:3
                        Spec.__module_init__ at externals/rspec-0.7.5/lib/spec/runner/formatter/base_text_formatter.rb:2
                             main.__script__ at externals/rspec-0.7.5/lib/spec/runner/formatter/base_text_formatter.rb:1
                                   main.load at core/compile.rb:43
                                main.require at core/compile.rb:87
                       BlockEnvironment#call at bootstrap/context.rb:94
                                  Array#each at bootstrap/array.rb:24
                                main.require at core/compile.rb:87
                       BlockEnvironment#call at bootstrap/context.rb:94
                                  Array#each at bootstrap/array.rb:24
                                main.require at core/compile.rb:87
                             main.__script__ at externals/rspec-0.7.5/lib/spec/runner/formatter.rb:1
                                   main.load at core/compile.rb:43
                                main.require at core/compile.rb:87
                       BlockEnvironment#call at bootstrap/context.rb:94
                                  Array#each at bootstrap/array.rb:24
                                main.require at core/compile.rb:87
                       BlockEnvironment#call at bootstrap/context.rb:94
                                  Array#each at bootstrap/array.rb:24
                                main.require at core/compile.rb:87
                        main.__eval_script__ at (eval):1
                     CompiledMethod#activate at bootstrap/compiled_method.rb:52
                             Compile.execute at core/compile.rb:22
                             main.__script__ at core/__loader.rb:58
</td>
      </tr>
      
      <tr>
        <td>spec/runner/context_eval</td>
        <td>An exception has occured:
    Unknown type 'zsuper', [] (RuntimeError)

Backtrace:
         Bytecode::Compiler::Processor#raise at bootstrap/04kernel.rb:23
       Bytecode::Compiler::Processor#process at sexp/simple_processor.rb:58
    Bytecode::Compiler::Processor#process_lasgn at bytecode/compiler.rb:532
                     CompiledMethod#activate at bootstrap/compiled_method.rb:52
                                 Method#call at bootstrap/compiled_method.rb:99
    Bytecode::Compiler::Processor#send (__send__) at bootstrap/core.rb:87
       Bytecode::Compiler::Processor#process at sexp/simple_processor.rb:56
    Bytecode::Compiler::Processor#process_newline at bytecode/compiler.rb:1478
                     CompiledMethod#activate at bootstrap/compiled_method.rb:52
                                 Method#call at bootstrap/compiled_method.rb:99
    Bytecode::Compiler::Processor#send (__send__) at bootstrap/core.rb:87
       Bytecode::Compiler::Processor#process at sexp/simple_processor.rb:56
    Bytecode::Compiler::Processor#process_block at bytecode/compiler.rb:372
                     CompiledMethod#activate at bootstrap/compiled_method.rb:52
                                 Method#call at bootstrap/compiled_method.rb:99
    Bytecode::Compiler::Processor#send (__send__) at bootstrap/core.rb:87
       Bytecode::Compiler::Processor#process at sexp/simple_processor.rb:56
    Bytecode::Compiler::Processor#process_scope at bytecode/compiler.rb:383
                     CompiledMethod#activate at bootstrap/compiled_method.rb:52
                                 Method#call at bootstrap/compiled_method.rb:99
    Bytecode::Compiler::Processor#send (__send__) at bootstrap/core.rb:87
       Bytecode::Compiler::Processor#process at sexp/simple_processor.rb:56
                  Bytecode::Compiler#compile at bytecode/compiler.rb:136
        Bytecode::Compiler#compile_as_method at bytecode/compiler.rb:150
    Bytecode::Compiler::Processor#process_defn at bytecode/compiler.rb:1175
                       BlockEnvironment#call at bootstrap/context.rb:96
           Bytecode::Compiler#as_method_body at bytecode/compiler.rb:107
    Bytecode::Compiler::Processor#process_defn at bytecode/compiler.rb:1175
                     CompiledMethod#activate at bootstrap/compiled_method.rb:52
                                 Method#call at bootstrap/compiled_method.rb:99
    Bytecode::Compiler::Processor#send (__send__) at bootstrap/core.rb:87
       Bytecode::Compiler::Processor#process at sexp/simple_processor.rb:56
    Bytecode::Compiler::Processor#process_newline at bytecode/compiler.rb:1478
                     CompiledMethod#activate at bootstrap/compiled_method.rb:52
                                 Method#call at bootstrap/compiled_method.rb:99
    Bytecode::Compiler::Processor#send (__send__) at bootstrap/core.rb:87
       Bytecode::Compiler::Processor#process at sexp/simple_processor.rb:56
    Bytecode::Compiler::Processor#process_block at bytecode/compiler.rb:372
                     CompiledMethod#activate at bootstrap/compiled_method.rb:52
                                 Method#call at bootstrap/compiled_method.rb:99
    Bytecode::Compiler::Processor#send (__send__) at bootstrap/core.rb:87
       Bytecode::Compiler::Processor#process at sexp/simple_processor.rb:56
    Bytecode::Compiler::Processor#process_scope at bytecode/compiler.rb:383
                     CompiledMethod#activate at bootstrap/compiled_method.rb:52
                                 Method#call at bootstrap/compiled_method.rb:99
    Bytecode::Compiler::Processor#send (__send__) at bootstrap/core.rb:87
       Bytecode::Compiler::Processor#process at sexp/simple_processor.rb:56
                  Bytecode::Compiler#compile at bytecode/compiler.rb:136
        Bytecode::Compiler#compile_as_method at bytecode/compiler.rb:150
    Bytecode::Compiler::Processor#process_module at bytecode/compiler.rb:802
                       BlockEnvironment#call at bootstrap/context.rb:96
           Bytecode::Compiler#as_module_body at bytecode/compiler.rb:93
    Bytecode::Compiler::Processor#process_module at bytecode/compiler.rb:802
                     CompiledMethod#activate at bootstrap/compiled_method.rb:52
                                 Method#call at bootstrap/compiled_method.rb:99
    Bytecode::Compiler::Processor#send (__send__) at bootstrap/core.rb:87
       Bytecode::Compiler::Processor#process at sexp/simple_processor.rb:56
    Bytecode::Compiler::Processor#process_newline at bytecode/compiler.rb:1478
                     CompiledMethod#activate at bootstrap/compiled_method.rb:52
                                 Method#call at bootstrap/compiled_method.rb:99
    Bytecode::Compiler::Processor#send (__send__) at bootstrap/core.rb:87
       Bytecode::Compiler::Processor#process at sexp/simple_processor.rb:56
    Bytecode::Compiler::Processor#process_block at bytecode/compiler.rb:372
                     CompiledMethod#activate at bootstrap/compiled_method.rb:52
                                 Method#call at bootstrap/compiled_method.rb:99
    Bytecode::Compiler::Processor#send (__send__) at bootstrap/core.rb:87
       Bytecode::Compiler::Processor#process at sexp/simple_processor.rb:56
    Bytecode::Compiler::Processor#process_scope at bytecode/compiler.rb:383
                     CompiledMethod#activate at bootstrap/compiled_method.rb:52
                                 Method#call at bootstrap/compiled_method.rb:99
    Bytecode::Compiler::Processor#send (__send__) at bootstrap/core.rb:87
       Bytecode::Compiler::Processor#process at sexp/simple_processor.rb:56
                  Bytecode::Compiler#compile at bytecode/compiler.rb:136
        Bytecode::Compiler#compile_as_method at bytecode/compiler.rb:150
    Bytecode::Compiler::Processor#process_module at bytecode/compiler.rb:802
                       BlockEnvironment#call at bootstrap/context.rb:96
           Bytecode::Compiler#as_module_body at bytecode/compiler.rb:93
    Bytecode::Compiler::Processor#process_module at bytecode/compiler.rb:802
                     CompiledMethod#activate at bootstrap/compiled_method.rb:52
                                 Method#call at bootstrap/compiled_method.rb:99
    Bytecode::Compiler::Processor#send (__send__) at bootstrap/core.rb:87
       Bytecode::Compiler::Processor#process at sexp/simple_processor.rb:56
    Bytecode::Compiler::Processor#process_newline at bytecode/compiler.rb:1478
                     CompiledMethod#activate at bootstrap/compiled_method.rb:52
                                 Method#call at bootstrap/compiled_method.rb:99
    Bytecode::Compiler::Processor#send (__send__) at bootstrap/core.rb:87
       Bytecode::Compiler::Processor#process at sexp/simple_processor.rb:56
    Bytecode::Compiler::Processor#process_block at bytecode/compiler.rb:372
                     CompiledMethod#activate at bootstrap/compiled_method.rb:52
                                 Method#call at bootstrap/compiled_method.rb:99
    Bytecode::Compiler::Processor#send (__send__) at bootstrap/core.rb:87
       Bytecode::Compiler::Processor#process at sexp/simple_processor.rb:56
    Bytecode::Compiler::Processor#process_scope at bytecode/compiler.rb:383
                     CompiledMethod#activate at bootstrap/compiled_method.rb:52
                                 Method#call at bootstrap/compiled_method.rb:99
    Bytecode::Compiler::Processor#send (__send__) at bootstrap/core.rb:87
       Bytecode::Compiler::Processor#process at sexp/simple_processor.rb:56
                  Bytecode::Compiler#compile at bytecode/compiler.rb:136
        Bytecode::Compiler#compile_as_method at bytecode/compiler.rb:150
    Bytecode::Compiler::Processor#process_module at bytecode/compiler.rb:802
                       BlockEnvironment#call at bootstrap/context.rb:96
           Bytecode::Compiler#as_module_body at bytecode/compiler.rb:93
    Bytecode::Compiler::Processor#process_module at bytecode/compiler.rb:802
                     CompiledMethod#activate at bootstrap/compiled_method.rb:52
                                 Method#call at bootstrap/compiled_method.rb:99
    Bytecode::Compiler::Processor#send (__send__) at bootstrap/core.rb:87
       Bytecode::Compiler::Processor#process at sexp/simple_processor.rb:56
    Bytecode::Compiler::Processor#process_newline at bytecode/compiler.rb:1478
                     CompiledMethod#activate at bootstrap/compiled_method.rb:52
                                 Method#call at bootstrap/compiled_method.rb:99
    Bytecode::Compiler::Processor#send (__send__) at bootstrap/core.rb:87
       Bytecode::Compiler::Processor#process at sexp/simple_processor.rb:56
    Bytecode::Compiler::Processor#process_block at bytecode/compiler.rb:372
                     CompiledMethod#activate at bootstrap/compiled_method.rb:52
                                 Method#call at bootstrap/compiled_method.rb:99
    Bytecode::Compiler::Processor#send (__send__) at bootstrap/core.rb:87
       Bytecode::Compiler::Processor#process at sexp/simple_processor.rb:56
    Bytecode::Compiler::Processor#process_scope at bytecode/compiler.rb:383
                     CompiledMethod#activate at bootstrap/compiled_method.rb:52
                                 Method#call at bootstrap/compiled_method.rb:99
    Bytecode::Compiler::Processor#send (__send__) at bootstrap/core.rb:87
       Bytecode::Compiler::Processor#process at sexp/simple_processor.rb:56
                  Bytecode::Compiler#compile at bytecode/compiler.rb:136
        Bytecode::Compiler#compile_as_method at bytecode/compiler.rb:150
    Bytecode::Compiler::Processor#process_module at bytecode/compiler.rb:802
                       BlockEnvironment#call at bootstrap/context.rb:96
           Bytecode::Compiler#as_module_body at bytecode/compiler.rb:93
    Bytecode::Compiler::Processor#process_module at bytecode/compiler.rb:802
                     CompiledMethod#activate at bootstrap/compiled_method.rb:52
                                 Method#call at bootstrap/compiled_method.rb:99
    Bytecode::Compiler::Processor#send (__send__) at bootstrap/core.rb:87
       Bytecode::Compiler::Processor#process at sexp/simple_processor.rb:56
    Bytecode::Compiler::Processor#process_newline at bytecode/compiler.rb:1478
                     CompiledMethod#activate at bootstrap/compiled_method.rb:52
                                 Method#call at bootstrap/compiled_method.rb:99
    Bytecode::Compiler::Processor#send (__send__) at bootstrap/core.rb:87
       Bytecode::Compiler::Processor#process at sexp/simple_processor.rb:56
                  Bytecode::Compiler#compile at bytecode/compiler.rb:136
        Bytecode::Compiler#compile_as_script at bytecode/compiler.rb:161
                        Compile.compile_file at core/compile.rb:6
                                   main.load at core/compile.rb:52
                                main.require at core/compile.rb:87
                       BlockEnvironment#call at bootstrap/context.rb:94
                                  Array#each at bootstrap/array.rb:24
                                main.require at core/compile.rb:87
                       BlockEnvironment#call at bootstrap/context.rb:94
                                  Array#each at bootstrap/array.rb:24
                                main.require at core/compile.rb:87
                        main.__eval_script__ at (eval):1
                     CompiledMethod#activate at bootstrap/compiled_method.rb:52
                             Compile.execute at core/compile.rb:22
                             main.__script__ at core/__loader.rb:58
</td>
      </tr>
      
      <tr>
        <td>spec/runner/heckle_runner</td>
        <td>An exception has occured:
    Unknown type 'nth_ref', [2] (RuntimeError)

Backtrace:
         Bytecode::Compiler::Processor#raise at bootstrap/04kernel.rb:23
       Bytecode::Compiler::Processor#process at sexp/simple_processor.rb:58
    Bytecode::Compiler::Processor#process_call at bytecode/compiler.rb:1300
                       BlockEnvironment#call at bootstrap/context.rb:94
                                  Array#each at bootstrap/array.rb:24
    Bytecode::Compiler::Processor#process_call at bytecode/compiler.rb:1300
                     CompiledMethod#activate at bootstrap/compiled_method.rb:52
                                 Method#call at bootstrap/compiled_method.rb:99
    Bytecode::Compiler::Processor#send (__send__) at bootstrap/core.rb:87
       Bytecode::Compiler::Processor#process at sexp/simple_processor.rb:56
    Bytecode::Compiler::Processor#process_lasgn at bytecode/compiler.rb:532
                     CompiledMethod#activate at bootstrap/compiled_method.rb:52
                                 Method#call at bootstrap/compiled_method.rb:99
    Bytecode::Compiler::Processor#send (__send__) at bootstrap/core.rb:87
       Bytecode::Compiler::Processor#process at sexp/simple_processor.rb:56
    Bytecode::Compiler::Processor#process_newline at bytecode/compiler.rb:1478
                     CompiledMethod#activate at bootstrap/compiled_method.rb:52
                                 Method#call at bootstrap/compiled_method.rb:99
    Bytecode::Compiler::Processor#send (__send__) at bootstrap/core.rb:87
       Bytecode::Compiler::Processor#process at sexp/simple_processor.rb:56
    Bytecode::Compiler::Processor#process_block at bytecode/compiler.rb:372
                     CompiledMethod#activate at bootstrap/compiled_method.rb:52
                                 Method#call at bootstrap/compiled_method.rb:99
    Bytecode::Compiler::Processor#send (__send__) at bootstrap/core.rb:87
       Bytecode::Compiler::Processor#process at sexp/simple_processor.rb:56
    Bytecode::Compiler::Processor#process_if at bytecode/compiler.rb:341
                     CompiledMethod#activate at bootstrap/compiled_method.rb:52
                                 Method#call at bootstrap/compiled_method.rb:99
    Bytecode::Compiler::Processor#send (__send__) at bootstrap/core.rb:87
       Bytecode::Compiler::Processor#process at sexp/simple_processor.rb:56
    Bytecode::Compiler::Processor#process_newline at bytecode/compiler.rb:1478
                     CompiledMethod#activate at bootstrap/compiled_method.rb:52
                                 Method#call at bootstrap/compiled_method.rb:99
    Bytecode::Compiler::Processor#send (__send__) at bootstrap/core.rb:87
       Bytecode::Compiler::Processor#process at sexp/simple_processor.rb:56
    Bytecode::Compiler::Processor#process_block at bytecode/compiler.rb:372
                     CompiledMethod#activate at bootstrap/compiled_method.rb:52
                                 Method#call at bootstrap/compiled_method.rb:99
    Bytecode::Compiler::Processor#send (__send__) at bootstrap/core.rb:87
       Bytecode::Compiler::Processor#process at sexp/simple_processor.rb:56
    Bytecode::Compiler::Processor#process_scope at bytecode/compiler.rb:383
                     CompiledMethod#activate at bootstrap/compiled_method.rb:52
                                 Method#call at bootstrap/compiled_method.rb:99
    Bytecode::Compiler::Processor#send (__send__) at bootstrap/core.rb:87
       Bytecode::Compiler::Processor#process at sexp/simple_processor.rb:56
                  Bytecode::Compiler#compile at bytecode/compiler.rb:136
        Bytecode::Compiler#compile_as_method at bytecode/compiler.rb:150
    Bytecode::Compiler::Processor#process_defn at bytecode/compiler.rb:1175
                       BlockEnvironment#call at bootstrap/context.rb:96
           Bytecode::Compiler#as_method_body at bytecode/compiler.rb:107
    Bytecode::Compiler::Processor#process_defn at bytecode/compiler.rb:1175
                     CompiledMethod#activate at bootstrap/compiled_method.rb:52
                                 Method#call at bootstrap/compiled_method.rb:99
    Bytecode::Compiler::Processor#send (__send__) at bootstrap/core.rb:87
       Bytecode::Compiler::Processor#process at sexp/simple_processor.rb:56
    Bytecode::Compiler::Processor#process_newline at bytecode/compiler.rb:1478
                     CompiledMethod#activate at bootstrap/compiled_method.rb:52
                                 Method#call at bootstrap/compiled_method.rb:99
    Bytecode::Compiler::Processor#send (__send__) at bootstrap/core.rb:87
       Bytecode::Compiler::Processor#process at sexp/simple_processor.rb:56
    Bytecode::Compiler::Processor#process_block at bytecode/compiler.rb:372
                     CompiledMethod#activate at bootstrap/compiled_method.rb:52
                                 Method#call at bootstrap/compiled_method.rb:99
    Bytecode::Compiler::Processor#send (__send__) at bootstrap/core.rb:87
       Bytecode::Compiler::Processor#process at sexp/simple_processor.rb:56
    Bytecode::Compiler::Processor#process_scope at bytecode/compiler.rb:383
                     CompiledMethod#activate at bootstrap/compiled_method.rb:52
                                 Method#call at bootstrap/compiled_method.rb:99
    Bytecode::Compiler::Processor#send (__send__) at bootstrap/core.rb:87
       Bytecode::Compiler::Processor#process at sexp/simple_processor.rb:56
                  Bytecode::Compiler#compile at bytecode/compiler.rb:136
        Bytecode::Compiler#compile_as_method at bytecode/compiler.rb:150
    Bytecode::Compiler::Processor#process_class at bytecode/compiler.rb:760
                       BlockEnvironment#call at bootstrap/context.rb:96
            Bytecode::Compiler#as_class_body at bytecode/compiler.rb:79
    Bytecode::Compiler::Processor#process_class at bytecode/compiler.rb:760
                     CompiledMethod#activate at bootstrap/compiled_method.rb:52
                                 Method#call at bootstrap/compiled_method.rb:99
    Bytecode::Compiler::Processor#send (__send__) at bootstrap/core.rb:87
       Bytecode::Compiler::Processor#process at sexp/simple_processor.rb:56
    Bytecode::Compiler::Processor#process_newline at bytecode/compiler.rb:1478
                     CompiledMethod#activate at bootstrap/compiled_method.rb:52
                                 Method#call at bootstrap/compiled_method.rb:99
    Bytecode::Compiler::Processor#send (__send__) at bootstrap/core.rb:87
       Bytecode::Compiler::Processor#process at sexp/simple_processor.rb:56
    Bytecode::Compiler::Processor#process_block at bytecode/compiler.rb:372
                     CompiledMethod#activate at bootstrap/compiled_method.rb:52
                                 Method#call at bootstrap/compiled_method.rb:99
    Bytecode::Compiler::Processor#send (__send__) at bootstrap/core.rb:87
       Bytecode::Compiler::Processor#process at sexp/simple_processor.rb:56
    Bytecode::Compiler::Processor#process_scope at bytecode/compiler.rb:383
                     CompiledMethod#activate at bootstrap/compiled_method.rb:52
                                 Method#call at bootstrap/compiled_method.rb:99
    Bytecode::Compiler::Processor#send (__send__) at bootstrap/core.rb:87
       Bytecode::Compiler::Processor#process at sexp/simple_processor.rb:56
                  Bytecode::Compiler#compile at bytecode/compiler.rb:136
        Bytecode::Compiler#compile_as_method at bytecode/compiler.rb:150
    Bytecode::Compiler::Processor#process_module at bytecode/compiler.rb:802
                       BlockEnvironment#call at bootstrap/context.rb:96
           Bytecode::Compiler#as_module_body at bytecode/compiler.rb:93
    Bytecode::Compiler::Processor#process_module at bytecode/compiler.rb:802
                     CompiledMethod#activate at bootstrap/compiled_method.rb:52
                                 Method#call at bootstrap/compiled_method.rb:99
    Bytecode::Compiler::Processor#send (__send__) at bootstrap/core.rb:87
       Bytecode::Compiler::Processor#process at sexp/simple_processor.rb:56
    Bytecode::Compiler::Processor#process_newline at bytecode/compiler.rb:1478
                     CompiledMethod#activate at bootstrap/compiled_method.rb:52
                                 Method#call at bootstrap/compiled_method.rb:99
    Bytecode::Compiler::Processor#send (__send__) at bootstrap/core.rb:87
       Bytecode::Compiler::Processor#process at sexp/simple_processor.rb:56
    Bytecode::Compiler::Processor#process_block at bytecode/compiler.rb:372
                     CompiledMethod#activate at bootstrap/compiled_method.rb:52
                                 Method#call at bootstrap/compiled_method.rb:99
    Bytecode::Compiler::Processor#send (__send__) at bootstrap/core.rb:87
       Bytecode::Compiler::Processor#process at sexp/simple_processor.rb:56
    Bytecode::Compiler::Processor#process_scope at bytecode/compiler.rb:383
                     CompiledMethod#activate at bootstrap/compiled_method.rb:52
                                 Method#call at bootstrap/compiled_method.rb:99
    Bytecode::Compiler::Processor#send (__send__) at bootstrap/core.rb:87
       Bytecode::Compiler::Processor#process at sexp/simple_processor.rb:56
                  Bytecode::Compiler#compile at bytecode/compiler.rb:136
        Bytecode::Compiler#compile_as_method at bytecode/compiler.rb:150
    Bytecode::Compiler::Processor#process_module at bytecode/compiler.rb:802
                       BlockEnvironment#call at bootstrap/context.rb:96
           Bytecode::Compiler#as_module_body at bytecode/compiler.rb:93
    Bytecode::Compiler::Processor#process_module at bytecode/compiler.rb:802
                     CompiledMethod#activate at bootstrap/compiled_method.rb:52
                                 Method#call at bootstrap/compiled_method.rb:99
    Bytecode::Compiler::Processor#send (__send__) at bootstrap/core.rb:87
       Bytecode::Compiler::Processor#process at sexp/simple_processor.rb:56
    Bytecode::Compiler::Processor#process_newline at bytecode/compiler.rb:1478
                     CompiledMethod#activate at bootstrap/compiled_method.rb:52
                                 Method#call at bootstrap/compiled_method.rb:99
    Bytecode::Compiler::Processor#send (__send__) at bootstrap/core.rb:87
       Bytecode::Compiler::Processor#process at sexp/simple_processor.rb:56
    Bytecode::Compiler::Processor#process_block at bytecode/compiler.rb:372
                     CompiledMethod#activate at bootstrap/compiled_method.rb:52
                                 Method#call at bootstrap/compiled_method.rb:99
    Bytecode::Compiler::Processor#send (__send__) at bootstrap/core.rb:87
       Bytecode::Compiler::Processor#process at sexp/simple_processor.rb:56
                  Bytecode::Compiler#compile at bytecode/compiler.rb:136
        Bytecode::Compiler#compile_as_script at bytecode/compiler.rb:161
                        Compile.compile_file at core/compile.rb:6
                                   main.load at core/compile.rb:52
                                main.require at core/compile.rb:87
                       BlockEnvironment#call at bootstrap/context.rb:94
                                  Array#each at bootstrap/array.rb:24
                                main.require at core/compile.rb:87
                       BlockEnvironment#call at bootstrap/context.rb:94
                                  Array#each at bootstrap/array.rb:24
                                main.require at core/compile.rb:87
                        main.__eval_script__ at (eval):1
                     CompiledMethod#activate at bootstrap/compiled_method.rb:52
                             Compile.execute at core/compile.rb:22
                             main.__script__ at core/__loader.rb:58
</td>
      </tr>
      
      <tr>
        <td>spec/expectations</td>
        <td>An exception has occured:
    Unknown set argument '~' (RuntimeError)

Backtrace:
                   Bytecode::Assembler#raise at bootstrap/04kernel.rb:20
               Bytecode::Assembler#parse_set at bytecode/assembler.rb:391
         Bytecode::Assembler#parse_operation at bytecode/assembler.rb:408
              Bytecode::Assembler#parse_line at bytecode/assembler.rb:222
                Bytecode::Assembler#assemble at bytecode/assembler.rb:94
                       BlockEnvironment#call at bootstrap/context.rb:94
                                  Array#each at bootstrap/array.rb:24
                Bytecode::Assembler#assemble at bytecode/assembler.rb:94
      Bytecode::MethodDescription#to_cmethod at bytecode/rubinius.rb:16
    Bytecode::MethodDescription#encode_literals at bytecode/rubinius.rb:87
                       BlockEnvironment#call at bootstrap/context.rb:94
                                  Array#each at bootstrap/array.rb:24
    Bytecode::MethodDescription#encode_literals at bytecode/rubinius.rb:90
      Bytecode::MethodDescription#to_cmethod at bytecode/rubinius.rb:44
    Bytecode::MethodDescription#encode_literals at bytecode/rubinius.rb:87
                       BlockEnvironment#call at bootstrap/context.rb:94
                                  Array#each at bootstrap/array.rb:24
    Bytecode::MethodDescription#encode_literals at bytecode/rubinius.rb:90
      Bytecode::MethodDescription#to_cmethod at bytecode/rubinius.rb:44
    Bytecode::MethodDescription#encode_literals at bytecode/rubinius.rb:87
                       BlockEnvironment#call at bootstrap/context.rb:94
                                  Array#each at bootstrap/array.rb:24
    Bytecode::MethodDescription#encode_literals at bytecode/rubinius.rb:90
      Bytecode::MethodDescription#to_cmethod at bytecode/rubinius.rb:44
    Bytecode::MethodDescription#encode_literals at bytecode/rubinius.rb:87
                       BlockEnvironment#call at bootstrap/context.rb:94
                                  Array#each at bootstrap/array.rb:24
    Bytecode::MethodDescription#encode_literals at bytecode/rubinius.rb:90
      Bytecode::MethodDescription#to_cmethod at bytecode/rubinius.rb:44
    Bytecode::MethodDescription#encode_literals at bytecode/rubinius.rb:87
                       BlockEnvironment#call at bootstrap/context.rb:94
                                  Array#each at bootstrap/array.rb:24
    Bytecode::MethodDescription#encode_literals at bytecode/rubinius.rb:90
      Bytecode::MethodDescription#to_cmethod at bytecode/rubinius.rb:44
                        Compile.compile_file at core/compile.rb:8
                                   main.load at core/compile.rb:52
                                main.require at core/compile.rb:87
                       BlockEnvironment#call at bootstrap/context.rb:94
                                  Array#each at bootstrap/array.rb:24
                                main.require at core/compile.rb:87
                       BlockEnvironment#call at bootstrap/context.rb:94
                                  Array#each at bootstrap/array.rb:24
                                main.require at core/compile.rb:87
                             main.__script__ at externals/rspec-0.7.5/lib/spec/expectations.rb:1
                                   main.load at core/compile.rb:43
                                main.require at core/compile.rb:87
                       BlockEnvironment#call at bootstrap/context.rb:94
                                  Array#each at bootstrap/array.rb:24
                                main.require at core/compile.rb:87
                       BlockEnvironment#call at bootstrap/context.rb:94
                                  Array#each at bootstrap/array.rb:24
                                main.require at core/compile.rb:87
                        main.__eval_script__ at (eval):1
                     CompiledMethod#activate at bootstrap/compiled_method.rb:52
                             Compile.execute at core/compile.rb:22
                             main.__script__ at core/__loader.rb:58
</td>
      </tr>
      
      <tr>
        <td>spec/version</td>
        <td>An exception has occured:
    No method 'match' on an instance of String. (NoMethodError)

Backtrace:
    String#match (method_missing) at bootstrap/method_missing.rb:8
          VERSION.__module_init__ at externals/rspec-0.7.5/lib/spec/version.rb:8
             Spec.__module_init__ at externals/rspec-0.7.5/lib/spec/version.rb:2
                  main.__script__ at externals/rspec-0.7.5/lib/spec/version.rb:1
                        main.load at core/compile.rb:43
                     main.require at core/compile.rb:87
            BlockEnvironment#call at bootstrap/context.rb:94
                       Array#each at bootstrap/array.rb:24
                     main.require at core/compile.rb:87
            BlockEnvironment#call at bootstrap/context.rb:94
                       Array#each at bootstrap/array.rb:24
                     main.require at core/compile.rb:87
             main.__eval_script__ at (eval):1
          CompiledMethod#activate at bootstrap/compiled_method.rb:52
                  Compile.execute at core/compile.rb:22
                  main.__script__ at core/__loader.rb:58
</td>
      </tr>
      
      <tr>
        <td>spec</td>
        <td>An exception has occured:
    No method 'match' on an instance of String. (NoMethodError)

Backtrace:
    String#match (method_missing) at bootstrap/method_missing.rb:8
          VERSION.__module_init__ at externals/rspec-0.7.5/lib/spec/version.rb:8
             Spec.__module_init__ at externals/rspec-0.7.5/lib/spec/version.rb:2
                  main.__script__ at externals/rspec-0.7.5/lib/spec/version.rb:1
                        main.load at core/compile.rb:43
                     main.require at core/compile.rb:87
            BlockEnvironment#call at bootstrap/context.rb:94
                       Array#each at bootstrap/array.rb:24
                     main.require at core/compile.rb:87
            BlockEnvironment#call at bootstrap/context.rb:94
                       Array#each at bootstrap/array.rb:24
                     main.require at core/compile.rb:87
                  main.__script__ at ./externals/rspec-0.7.5/lib/spec/runner/../../spec.rb:1
                        main.load at core/compile.rb:43
                     main.require at core/compile.rb:87
            BlockEnvironment#call at bootstrap/context.rb:94
                       Array#each at bootstrap/array.rb:24
                     main.require at core/compile.rb:87
            BlockEnvironment#call at bootstrap/context.rb:94
                       Array#each at bootstrap/array.rb:24
                     main.require at core/compile.rb:87
             main.__eval_script__ at (eval):1
          CompiledMethod#activate at bootstrap/compiled_method.rb:52
                  Compile.execute at core/compile.rb:22
                  main.__script__ at core/__loader.rb:58
</td>
      </tr>
      
    </table>

    <h2>Working Files</h2>
    <ul>
      
      <li style="font-weight: bold; color: green">spec/expectations/message_builder</li>
      
      <li style="font-weight: bold; color: green">spec/expectations/extensions/string</li>
      
      <li style="font-weight: bold; color: green">spec/expectations/extensions/proc</li>
      
      <li style="font-weight: bold; color: green">spec/expectations/errors</li>
      
      <li style="font-weight: bold; color: green">spec/mocks/order_group</li>
      
      <li style="font-weight: bold; color: green">spec/mocks/message_expectation</li>
      
      <li style="font-weight: bold; color: green">spec/runner/command_line</li>
      
      <li style="font-weight: bold; color: green">spec/runner/execution_context</li>
      
      <li style="font-weight: bold; color: green">spec/runner/extensions/object</li>
      
      <li style="font-weight: bold; color: green">spec/runner/spec_should_raise_handler</li>
      
    </ul>


    <p style="font-size: smaller; font-weight: bold; text-align: center">
    envisioned by Matthew Elder &lt;sseses@gmail.com&gt; MuHaHaHaHa
    </p>
  </body>
</html>

